<?xml version="1.0" encoding="utf-8" standalone="no"?>
<!--This file represents the results of running a test suite-->
<test-results name="E:\expedit\projects\nkd\src\main\NKD.Orchard\build\Compile\Orchard.Specs.dll" total="90" errors="2" failures="87" not-run="1" inconclusive="0" ignored="1" skipped="0" invalid="0" date="2014-05-24" time="19:27:02">
  <environment nunit-version="2.5.2.9222" clr-version="4.0.30319.34014" os-version="Microsoft Windows NT 6.2.9200.0" platform="Win32NT" cwd="E:\expedit\projects\nkd\src\main\NKD.Orchard" machine-name="WIN-IJBC3AUNGHP" user="Administrator" user-domain="WIN-IJBC3AUNGHP" />
  <culture-info current-culture="en-AU" current-uiculture="en-US" />
  <test-suite name="E:\expedit\projects\nkd\src\main\NKD.Orchard\build\Compile\Orchard.Specs.dll" executed="True" success="False" time="2727.333" asserts="0">
    <results>
      <test-suite name="Orchard" executed="True" success="False" time="2727.324" asserts="0">
        <results>
          <test-suite name="Specs" executed="True" success="False" time="2727.324" asserts="0">
            <results>
              <test-suite name="AdditionFeature" description="Addition" executed="True" success="False" time="75.030" asserts="0">
                <results>
                  <test-case name="Orchard.Specs.AdditionFeature.AnonymousUserCanSeeTheHomePageButNotTheDashboard" description="Anonymous user can see the home page but not the dashboard" executed="True" success="False" time="38.451" asserts="1">
                    <categories>
                      <category name="security" />
                    </categories>
                    <failure>
                      <message><![CDATA[  Unable to locate <input> name SiteName in page html:

<!DOCTYPE html>
<html>
    <head>
        <title>Could not load file or assembly 'DevExpress.CodeRush.Common, Version=10.1.0.0, Culture=neutral, PublicKeyToken=35c9f04b7764aa3d' or one of its dependencies. The system cannot find the file specified.</title>
        <meta name="viewport" content="width=device-width" />
        <style>
         body {font-family:"Verdana";font-weight:normal;font-size: .7em;color:black;} 
         p {font-family:"Verdana";font-weight:normal;color:black;margin-top: -5px}
         b {font-family:"Verdana";font-weight:bold;color:black;margin-top: -5px}
         H1 { font-family:"Verdana";font-weight:normal;font-size:18pt;color:red }
         H2 { font-family:"Verdana";font-weight:normal;font-size:14pt;color:maroon }
         pre {font-family:"Consolas","Lucida Console",Monospace;font-size:11pt;margin:0;padding:0.5em;line-height:14pt}
         .marker {font-weight: bold; color: black;text-decoration: none;}
         .version {color: gray;}
         .error {margin-bottom: 10px;}
         .expandable { text-decoration:underline; font-weight:bold; color:navy; cursor:hand; }
         @media screen and (max-width: 639px) {
          pre { width: 440px; overflow: auto; white-space: pre-wrap; word-wrap: break-word; }
         }
         @media screen and (max-width: 479px) {
          pre { width: 280px; }
         }
        </style>
    </head>

    <body bgcolor="white">

            <span><H1>Server Error in '/' Application.<hr width=100% size=1 color=silver></H1>

            <h2> <i>Could not load file or assembly 'DevExpress.CodeRush.Common, Version=10.1.0.0, Culture=neutral, PublicKeyToken=35c9f04b7764aa3d' or one of its dependencies. The system cannot find the file specified.</i> </h2></span>

            <font face="Arial, Helvetica, Geneva, SunSans-Regular, sans-serif ">

            <b> Description: </b>An unhandled exception occurred during the execution of the current web request. Please review the stack trace for more information about the error and where it originated in the code.

            <br><br>

            <b> Exception Details: </b>System.IO.FileNotFoundException: Could not load file or assembly 'DevExpress.CodeRush.Common, Version=10.1.0.0, Culture=neutral, PublicKeyToken=35c9f04b7764aa3d' or one of its dependencies. The system cannot find the file specified.<br><br>

            <b>Source Error:</b> <br><br>

            <table width=100% bgcolor="#ffffcc">
               <tr>
                  <td>
                      <code>

An unhandled exception was generated during the execution of the current web request. Information regarding the origin and location of the exception can be identified using the exception stack trace below.</code>

                  </td>
               </tr>
            </table>

            <br>

            <b>Assembly Load Trace:</b> The following information can be helpful to determine why the assembly 'DevExpress.CodeRush.Common, Version=10.1.0.0, Culture=neutral, PublicKeyToken=35c9f04b7764aa3d' could not be loaded.<br><br>

            <table width=100% bgcolor="#ffffcc">
               <tr>
                  <td>
                      <code><pre>

WRN: Assembly binding logging is turned OFF.
To enable assembly bind failure logging, set the registry value [HKLM\Software\Microsoft\Fusion!EnableLog] (DWORD) to 1.
Note: There is some performance penalty associated with assembly bind failure logging.
To turn this feature off, remove the registry value [HKLM\Software\Microsoft\Fusion!EnableLog].
</pre></code>

                  </td>
               </tr>
            </table>

            <br>

            <b>Stack Trace:</b> <br><br>

            <table width=100% bgcolor="#ffffcc">
               <tr>
                  <td>
                      <code><pre>

[FileNotFoundException: Could not load file or assembly &#39;DevExpress.CodeRush.Common, Version=10.1.0.0, Culture=neutral, PublicKeyToken=35c9f04b7764aa3d&#39; or one of its dependencies. The system cannot find the file specified.]
   System.ModuleHandle.ResolveType(RuntimeModule module, Int32 typeToken, IntPtr* typeInstArgs, Int32 typeInstCount, IntPtr* methodInstArgs, Int32 methodInstCount, ObjectHandleOnStack type) +0
   System.ModuleHandle.ResolveTypeHandleInternal(RuntimeModule module, Int32 typeToken, RuntimeTypeHandle[] typeInstantiationContext, RuntimeTypeHandle[] methodInstantiationContext) +371
   System.ModuleHandle.ResolveTypeHandle(Int32 typeToken, RuntimeTypeHandle[] typeInstantiationContext, RuntimeTypeHandle[] methodInstantiationContext) +19
   System.Reflection.RuntimeModule.ResolveType(Int32 metadataToken, Type[] genericTypeArguments, Type[] genericMethodArguments) +319
   System.Reflection.CustomAttribute.FilterCustomAttributeRecord(CustomAttributeRecord caRecord, MetadataImport scope, Assembly&amp; lastAptcaOkAssembly, RuntimeModule decoratedModule, MetadataToken decoratedToken, RuntimeType attributeFilterType, Boolean mustBeInheritable, Object[] attributes, IList derivedAttributes, RuntimeType&amp; attributeType, IRuntimeMethodInfo&amp; ctor, Boolean&amp; ctorHasParameters, Boolean&amp; isVarArg) +203
   System.Reflection.CustomAttribute.GetCustomAttributes(RuntimeModule decoratedModule, Int32 decoratedMetadataToken, Int32 pcaCount, RuntimeType attributeFilterType, Boolean mustBeInheritable, IList derivedAttributes, Boolean isDecoratedTargetSecurityTransparent) +1179
   System.Reflection.CustomAttribute.GetCustomAttributes(RuntimeAssembly assembly, RuntimeType caType) +146
   Owin.Loader.DefaultLoader.SearchForStartupAttribute(String friendlyName, IList`1 errors, Boolean&amp; conflict) +180
   Owin.Loader.DefaultLoader.LoadImplementation(String startupName, IList`1 errorDetails) +184
   Microsoft.Owin.Host.SystemWeb.OwinBuilder.GetAppStartup() +138
   Microsoft.Owin.Host.SystemWeb.OwinHttpModule.InitializeBlueprint() +38
   System.Threading.LazyInitializer.EnsureInitializedCore(T&amp; target, Boolean&amp; initialized, Object&amp; syncLock, Func`1 valueFactory) +241
   Microsoft.Owin.Host.SystemWeb.OwinHttpModule.Init(HttpApplication context) +129
   System.Web.HttpApplication.InitModulesCommon() +192
   System.Web.HttpApplication.InitInternal(HttpContext context, HttpApplicationState state, MethodInfo[] handlers) +1582
   System.Web.HttpApplicationFactory.GetNormalApplicationInstance(HttpContext context) +365
   System.Web.HttpApplicationFactory.GetApplicationInstance(HttpContext context) +200
   System.Web.HttpRuntime.ProcessRequestInternal(HttpWorkerRequest wr) +591
</pre></code>

                  </td>
               </tr>
            </table>

            <br>

            <hr width=100% size=1 color=silver>

            <b>Version Information:</b>&nbsp;Microsoft .NET Framework Version:4.0.30319; ASP.NET Version:4.0.30319.34009

            </font>

    </body>
</html>
<!-- 
[FileNotFoundException]: Could not load file or assembly &#39;DevExpress.CodeRush.Common, Version=10.1.0.0, Culture=neutral, PublicKeyToken=35c9f04b7764aa3d&#39; or one of its dependencies. The system cannot find the file specified.
   at System.ModuleHandle.ResolveType(RuntimeModule module, Int32 typeToken, IntPtr* typeInstArgs, Int32 typeInstCount, IntPtr* methodInstArgs, Int32 methodInstCount, ObjectHandleOnStack type)
   at System.ModuleHandle.ResolveTypeHandleInternal(RuntimeModule module, Int32 typeToken, RuntimeTypeHandle[] typeInstantiationContext, RuntimeTypeHandle[] methodInstantiationContext)
   at System.ModuleHandle.ResolveTypeHandle(Int32 typeToken, RuntimeTypeHandle[] typeInstantiationContext, RuntimeTypeHandle[] methodInstantiationContext)
   at System.Reflection.RuntimeModule.ResolveType(Int32 metadataToken, Type[] genericTypeArguments, Type[] genericMethodArguments)
   at System.Reflection.CustomAttribute.FilterCustomAttributeRecord(CustomAttributeRecord caRecord, MetadataImport scope, Assembly& lastAptcaOkAssembly, RuntimeModule decoratedModule, MetadataToken decoratedToken, RuntimeType attributeFilterType, Boolean mustBeInheritable, Object[] attributes, IList derivedAttributes, RuntimeType& attributeType, IRuntimeMethodInfo& ctor, Boolean& ctorHasParameters, Boolean& isVarArg)
   at System.Reflection.CustomAttribute.GetCustomAttributes(RuntimeModule decoratedModule, Int32 decoratedMetadataToken, Int32 pcaCount, RuntimeType attributeFilterType, Boolean mustBeInheritable, IList derivedAttributes, Boolean isDecoratedTargetSecurityTransparent)
   at System.Reflection.CustomAttribute.GetCustomAttributes(RuntimeAssembly assembly, RuntimeType caType)
   at Owin.Loader.DefaultLoader.SearchForStartupAttribute(String friendlyName, IList`1 errors, Boolean& conflict)
   at Owin.Loader.DefaultLoader.LoadImplementation(String startupName, IList`1 errorDetails)
   at Microsoft.Owin.Host.SystemWeb.OwinBuilder.GetAppStartup()
   at Microsoft.Owin.Host.SystemWeb.OwinHttpModule.InitializeBlueprint()
   at System.Threading.LazyInitializer.EnsureInitializedCore[T](T& target, Boolean& initialized, Object& syncLock, Func`1 valueFactory)
   at Microsoft.Owin.Host.SystemWeb.OwinHttpModule.Init(HttpApplication context)
   at System.Web.HttpApplication.InitModulesCommon()
   at System.Web.HttpApplication.InitInternal(HttpContext context, HttpApplicationState state, MethodInfo[] handlers)
   at System.Web.HttpApplicationFactory.GetNormalApplicationInstance(HttpContext context)
   at System.Web.HttpApplicationFactory.GetApplicationInstance(HttpContext context)
   at System.Web.HttpRuntime.ProcessRequestInternal(HttpWorkerRequest wr)
-->
  Expected: not null
  But was:  null
]]></message>
                      <stack-trace><![CDATA[at Orchard.Specs.Bindings.WebAppHosting.WhenIFillIn(Table table) in e:\expedit\projects\nkd\src\main\NKD.Orchard\src\Orchard.Specs\Bindings\WebAppHosting.cs:line 254
at Orchard.Specs.Bindings.OrchardSiteFactory.GivenIHaveInstalledOrchard(String virtualDirectory) in e:\expedit\projects\nkd\src\main\NKD.Orchard\src\Orchard.Specs\Bindings\OrchardSiteFactory.cs:line 38
at TechTalk.SpecFlow.Bindings.BindingInvoker.InvokeBinding(IBinding binding, IContextManager contextManager, Object[] arguments, ITestTracer testTracer, TimeSpan& duration)
at TechTalk.SpecFlow.Infrastructure.TestExecutionEngine.ExecuteStepMatch(BindingMatch match, Object[] arguments)
at TechTalk.SpecFlow.Infrastructure.TestExecutionEngine.ExecuteStep(StepInstance stepInstance)
at TechTalk.SpecFlow.Infrastructure.TestExecutionEngine.OnAfterLastStep()
]]></stack-trace>
                    </failure>
                  </test-case>
                  <test-case name="Orchard.Specs.AdditionFeature.LoginCanBeAutomated" description="Login can be automated" executed="True" success="False" time="35.786" asserts="1">
                    <categories>
                      <category name="security" />
                    </categories>
                    <failure>
                      <message><![CDATA[  Unable to locate <input> name SiteName in page html:

<!DOCTYPE html>
<html>
    <head>
        <title>Could not load file or assembly 'DevExpress.CodeRush.Common, Version=10.1.0.0, Culture=neutral, PublicKeyToken=35c9f04b7764aa3d' or one of its dependencies. The system cannot find the file specified.</title>
        <meta name="viewport" content="width=device-width" />
        <style>
         body {font-family:"Verdana";font-weight:normal;font-size: .7em;color:black;} 
         p {font-family:"Verdana";font-weight:normal;color:black;margin-top: -5px}
         b {font-family:"Verdana";font-weight:bold;color:black;margin-top: -5px}
         H1 { font-family:"Verdana";font-weight:normal;font-size:18pt;color:red }
         H2 { font-family:"Verdana";font-weight:normal;font-size:14pt;color:maroon }
         pre {font-family:"Consolas","Lucida Console",Monospace;font-size:11pt;margin:0;padding:0.5em;line-height:14pt}
         .marker {font-weight: bold; color: black;text-decoration: none;}
         .version {color: gray;}
         .error {margin-bottom: 10px;}
         .expandable { text-decoration:underline; font-weight:bold; color:navy; cursor:hand; }
         @media screen and (max-width: 639px) {
          pre { width: 440px; overflow: auto; white-space: pre-wrap; word-wrap: break-word; }
         }
         @media screen and (max-width: 479px) {
          pre { width: 280px; }
         }
        </style>
    </head>

    <body bgcolor="white">

            <span><H1>Server Error in '/' Application.<hr width=100% size=1 color=silver></H1>

            <h2> <i>Could not load file or assembly 'DevExpress.CodeRush.Common, Version=10.1.0.0, Culture=neutral, PublicKeyToken=35c9f04b7764aa3d' or one of its dependencies. The system cannot find the file specified.</i> </h2></span>

            <font face="Arial, Helvetica, Geneva, SunSans-Regular, sans-serif ">

            <b> Description: </b>An unhandled exception occurred during the execution of the current web request. Please review the stack trace for more information about the error and where it originated in the code.

            <br><br>

            <b> Exception Details: </b>System.IO.FileNotFoundException: Could not load file or assembly 'DevExpress.CodeRush.Common, Version=10.1.0.0, Culture=neutral, PublicKeyToken=35c9f04b7764aa3d' or one of its dependencies. The system cannot find the file specified.<br><br>

            <b>Source Error:</b> <br><br>

            <table width=100% bgcolor="#ffffcc">
               <tr>
                  <td>
                      <code>

An unhandled exception was generated during the execution of the current web request. Information regarding the origin and location of the exception can be identified using the exception stack trace below.</code>

                  </td>
               </tr>
            </table>

            <br>

            <b>Assembly Load Trace:</b> The following information can be helpful to determine why the assembly 'DevExpress.CodeRush.Common, Version=10.1.0.0, Culture=neutral, PublicKeyToken=35c9f04b7764aa3d' could not be loaded.<br><br>

            <table width=100% bgcolor="#ffffcc">
               <tr>
                  <td>
                      <code><pre>

WRN: Assembly binding logging is turned OFF.
To enable assembly bind failure logging, set the registry value [HKLM\Software\Microsoft\Fusion!EnableLog] (DWORD) to 1.
Note: There is some performance penalty associated with assembly bind failure logging.
To turn this feature off, remove the registry value [HKLM\Software\Microsoft\Fusion!EnableLog].
</pre></code>

                  </td>
               </tr>
            </table>

            <br>

            <b>Stack Trace:</b> <br><br>

            <table width=100% bgcolor="#ffffcc">
               <tr>
                  <td>
                      <code><pre>

[FileNotFoundException: Could not load file or assembly &#39;DevExpress.CodeRush.Common, Version=10.1.0.0, Culture=neutral, PublicKeyToken=35c9f04b7764aa3d&#39; or one of its dependencies. The system cannot find the file specified.]
   System.ModuleHandle.ResolveType(RuntimeModule module, Int32 typeToken, IntPtr* typeInstArgs, Int32 typeInstCount, IntPtr* methodInstArgs, Int32 methodInstCount, ObjectHandleOnStack type) +0
   System.ModuleHandle.ResolveTypeHandleInternal(RuntimeModule module, Int32 typeToken, RuntimeTypeHandle[] typeInstantiationContext, RuntimeTypeHandle[] methodInstantiationContext) +371
   System.ModuleHandle.ResolveTypeHandle(Int32 typeToken, RuntimeTypeHandle[] typeInstantiationContext, RuntimeTypeHandle[] methodInstantiationContext) +19
   System.Reflection.RuntimeModule.ResolveType(Int32 metadataToken, Type[] genericTypeArguments, Type[] genericMethodArguments) +319
   System.Reflection.CustomAttribute.FilterCustomAttributeRecord(CustomAttributeRecord caRecord, MetadataImport scope, Assembly&amp; lastAptcaOkAssembly, RuntimeModule decoratedModule, MetadataToken decoratedToken, RuntimeType attributeFilterType, Boolean mustBeInheritable, Object[] attributes, IList derivedAttributes, RuntimeType&amp; attributeType, IRuntimeMethodInfo&amp; ctor, Boolean&amp; ctorHasParameters, Boolean&amp; isVarArg) +203
   System.Reflection.CustomAttribute.GetCustomAttributes(RuntimeModule decoratedModule, Int32 decoratedMetadataToken, Int32 pcaCount, RuntimeType attributeFilterType, Boolean mustBeInheritable, IList derivedAttributes, Boolean isDecoratedTargetSecurityTransparent) +1179
   System.Reflection.CustomAttribute.GetCustomAttributes(RuntimeAssembly assembly, RuntimeType caType) +146
   Owin.Loader.DefaultLoader.SearchForStartupAttribute(String friendlyName, IList`1 errors, Boolean&amp; conflict) +180
   Owin.Loader.DefaultLoader.LoadImplementation(String startupName, IList`1 errorDetails) +184
   Microsoft.Owin.Host.SystemWeb.OwinBuilder.GetAppStartup() +138
   Microsoft.Owin.Host.SystemWeb.OwinHttpModule.InitializeBlueprint() +38
   System.Threading.LazyInitializer.EnsureInitializedCore(T&amp; target, Boolean&amp; initialized, Object&amp; syncLock, Func`1 valueFactory) +241
   Microsoft.Owin.Host.SystemWeb.OwinHttpModule.Init(HttpApplication context) +129
   System.Web.HttpApplication.InitModulesCommon() +192
   System.Web.HttpApplication.InitInternal(HttpContext context, HttpApplicationState state, MethodInfo[] handlers) +1582
   System.Web.HttpApplicationFactory.GetNormalApplicationInstance(HttpContext context) +365
   System.Web.HttpApplicationFactory.GetApplicationInstance(HttpContext context) +200
   System.Web.HttpRuntime.ProcessRequestInternal(HttpWorkerRequest wr) +591
</pre></code>

                  </td>
               </tr>
            </table>

            <br>

            <hr width=100% size=1 color=silver>

            <b>Version Information:</b>&nbsp;Microsoft .NET Framework Version:4.0.30319; ASP.NET Version:4.0.30319.34009

            </font>

    </body>
</html>
<!-- 
[FileNotFoundException]: Could not load file or assembly &#39;DevExpress.CodeRush.Common, Version=10.1.0.0, Culture=neutral, PublicKeyToken=35c9f04b7764aa3d&#39; or one of its dependencies. The system cannot find the file specified.
   at System.ModuleHandle.ResolveType(RuntimeModule module, Int32 typeToken, IntPtr* typeInstArgs, Int32 typeInstCount, IntPtr* methodInstArgs, Int32 methodInstCount, ObjectHandleOnStack type)
   at System.ModuleHandle.ResolveTypeHandleInternal(RuntimeModule module, Int32 typeToken, RuntimeTypeHandle[] typeInstantiationContext, RuntimeTypeHandle[] methodInstantiationContext)
   at System.ModuleHandle.ResolveTypeHandle(Int32 typeToken, RuntimeTypeHandle[] typeInstantiationContext, RuntimeTypeHandle[] methodInstantiationContext)
   at System.Reflection.RuntimeModule.ResolveType(Int32 metadataToken, Type[] genericTypeArguments, Type[] genericMethodArguments)
   at System.Reflection.CustomAttribute.FilterCustomAttributeRecord(CustomAttributeRecord caRecord, MetadataImport scope, Assembly& lastAptcaOkAssembly, RuntimeModule decoratedModule, MetadataToken decoratedToken, RuntimeType attributeFilterType, Boolean mustBeInheritable, Object[] attributes, IList derivedAttributes, RuntimeType& attributeType, IRuntimeMethodInfo& ctor, Boolean& ctorHasParameters, Boolean& isVarArg)
   at System.Reflection.CustomAttribute.GetCustomAttributes(RuntimeModule decoratedModule, Int32 decoratedMetadataToken, Int32 pcaCount, RuntimeType attributeFilterType, Boolean mustBeInheritable, IList derivedAttributes, Boolean isDecoratedTargetSecurityTransparent)
   at System.Reflection.CustomAttribute.GetCustomAttributes(RuntimeAssembly assembly, RuntimeType caType)
   at Owin.Loader.DefaultLoader.SearchForStartupAttribute(String friendlyName, IList`1 errors, Boolean& conflict)
   at Owin.Loader.DefaultLoader.LoadImplementation(String startupName, IList`1 errorDetails)
   at Microsoft.Owin.Host.SystemWeb.OwinBuilder.GetAppStartup()
   at Microsoft.Owin.Host.SystemWeb.OwinHttpModule.InitializeBlueprint()
   at System.Threading.LazyInitializer.EnsureInitializedCore[T](T& target, Boolean& initialized, Object& syncLock, Func`1 valueFactory)
   at Microsoft.Owin.Host.SystemWeb.OwinHttpModule.Init(HttpApplication context)
   at System.Web.HttpApplication.InitModulesCommon()
   at System.Web.HttpApplication.InitInternal(HttpContext context, HttpApplicationState state, MethodInfo[] handlers)
   at System.Web.HttpApplicationFactory.GetNormalApplicationInstance(HttpContext context)
   at System.Web.HttpApplicationFactory.GetApplicationInstance(HttpContext context)
   at System.Web.HttpRuntime.ProcessRequestInternal(HttpWorkerRequest wr)
-->
  Expected: not null
  But was:  null
]]></message>
                      <stack-trace><![CDATA[at Orchard.Specs.Bindings.WebAppHosting.WhenIFillIn(Table table) in e:\expedit\projects\nkd\src\main\NKD.Orchard\src\Orchard.Specs\Bindings\WebAppHosting.cs:line 254
at Orchard.Specs.Bindings.OrchardSiteFactory.GivenIHaveInstalledOrchard(String virtualDirectory) in e:\expedit\projects\nkd\src\main\NKD.Orchard\src\Orchard.Specs\Bindings\OrchardSiteFactory.cs:line 38
at TechTalk.SpecFlow.Bindings.BindingInvoker.InvokeBinding(IBinding binding, IContextManager contextManager, Object[] arguments, ITestTracer testTracer, TimeSpan& duration)
at TechTalk.SpecFlow.Infrastructure.TestExecutionEngine.ExecuteStepMatch(BindingMatch match, Object[] arguments)
at TechTalk.SpecFlow.Infrastructure.TestExecutionEngine.ExecuteStep(StepInstance stepInstance)
at TechTalk.SpecFlow.Infrastructure.TestExecutionEngine.OnAfterLastStep()
]]></stack-trace>
                    </failure>
                  </test-case>
                </results>
              </test-suite>
              <test-suite name="AutoroutesFeature" description="Autoroutes" executed="True" success="False" time="70.250" asserts="0">
                <results>
                  <test-case name="Orchard.Specs.AutoroutesFeature.ICanCreateAndPublishANewHomePage" description="I can create and publish a new Home Page" executed="True" success="False" time="35.057" asserts="1">
                    <failure>
                      <message><![CDATA[  Unable to locate <input> name SiteName in page html:

<!DOCTYPE html>
<html>
    <head>
        <title>Could not load file or assembly 'DevExpress.CodeRush.Common, Version=10.1.0.0, Culture=neutral, PublicKeyToken=35c9f04b7764aa3d' or one of its dependencies. The system cannot find the file specified.</title>
        <meta name="viewport" content="width=device-width" />
        <style>
         body {font-family:"Verdana";font-weight:normal;font-size: .7em;color:black;} 
         p {font-family:"Verdana";font-weight:normal;color:black;margin-top: -5px}
         b {font-family:"Verdana";font-weight:bold;color:black;margin-top: -5px}
         H1 { font-family:"Verdana";font-weight:normal;font-size:18pt;color:red }
         H2 { font-family:"Verdana";font-weight:normal;font-size:14pt;color:maroon }
         pre {font-family:"Consolas","Lucida Console",Monospace;font-size:11pt;margin:0;padding:0.5em;line-height:14pt}
         .marker {font-weight: bold; color: black;text-decoration: none;}
         .version {color: gray;}
         .error {margin-bottom: 10px;}
         .expandable { text-decoration:underline; font-weight:bold; color:navy; cursor:hand; }
         @media screen and (max-width: 639px) {
          pre { width: 440px; overflow: auto; white-space: pre-wrap; word-wrap: break-word; }
         }
         @media screen and (max-width: 479px) {
          pre { width: 280px; }
         }
        </style>
    </head>

    <body bgcolor="white">

            <span><H1>Server Error in '/' Application.<hr width=100% size=1 color=silver></H1>

            <h2> <i>Could not load file or assembly 'DevExpress.CodeRush.Common, Version=10.1.0.0, Culture=neutral, PublicKeyToken=35c9f04b7764aa3d' or one of its dependencies. The system cannot find the file specified.</i> </h2></span>

            <font face="Arial, Helvetica, Geneva, SunSans-Regular, sans-serif ">

            <b> Description: </b>An unhandled exception occurred during the execution of the current web request. Please review the stack trace for more information about the error and where it originated in the code.

            <br><br>

            <b> Exception Details: </b>System.IO.FileNotFoundException: Could not load file or assembly 'DevExpress.CodeRush.Common, Version=10.1.0.0, Culture=neutral, PublicKeyToken=35c9f04b7764aa3d' or one of its dependencies. The system cannot find the file specified.<br><br>

            <b>Source Error:</b> <br><br>

            <table width=100% bgcolor="#ffffcc">
               <tr>
                  <td>
                      <code>

An unhandled exception was generated during the execution of the current web request. Information regarding the origin and location of the exception can be identified using the exception stack trace below.</code>

                  </td>
               </tr>
            </table>

            <br>

            <b>Assembly Load Trace:</b> The following information can be helpful to determine why the assembly 'DevExpress.CodeRush.Common, Version=10.1.0.0, Culture=neutral, PublicKeyToken=35c9f04b7764aa3d' could not be loaded.<br><br>

            <table width=100% bgcolor="#ffffcc">
               <tr>
                  <td>
                      <code><pre>

WRN: Assembly binding logging is turned OFF.
To enable assembly bind failure logging, set the registry value [HKLM\Software\Microsoft\Fusion!EnableLog] (DWORD) to 1.
Note: There is some performance penalty associated with assembly bind failure logging.
To turn this feature off, remove the registry value [HKLM\Software\Microsoft\Fusion!EnableLog].
</pre></code>

                  </td>
               </tr>
            </table>

            <br>

            <b>Stack Trace:</b> <br><br>

            <table width=100% bgcolor="#ffffcc">
               <tr>
                  <td>
                      <code><pre>

[FileNotFoundException: Could not load file or assembly &#39;DevExpress.CodeRush.Common, Version=10.1.0.0, Culture=neutral, PublicKeyToken=35c9f04b7764aa3d&#39; or one of its dependencies. The system cannot find the file specified.]
   System.ModuleHandle.ResolveType(RuntimeModule module, Int32 typeToken, IntPtr* typeInstArgs, Int32 typeInstCount, IntPtr* methodInstArgs, Int32 methodInstCount, ObjectHandleOnStack type) +0
   System.ModuleHandle.ResolveTypeHandleInternal(RuntimeModule module, Int32 typeToken, RuntimeTypeHandle[] typeInstantiationContext, RuntimeTypeHandle[] methodInstantiationContext) +371
   System.ModuleHandle.ResolveTypeHandle(Int32 typeToken, RuntimeTypeHandle[] typeInstantiationContext, RuntimeTypeHandle[] methodInstantiationContext) +19
   System.Reflection.RuntimeModule.ResolveType(Int32 metadataToken, Type[] genericTypeArguments, Type[] genericMethodArguments) +319
   System.Reflection.CustomAttribute.FilterCustomAttributeRecord(CustomAttributeRecord caRecord, MetadataImport scope, Assembly&amp; lastAptcaOkAssembly, RuntimeModule decoratedModule, MetadataToken decoratedToken, RuntimeType attributeFilterType, Boolean mustBeInheritable, Object[] attributes, IList derivedAttributes, RuntimeType&amp; attributeType, IRuntimeMethodInfo&amp; ctor, Boolean&amp; ctorHasParameters, Boolean&amp; isVarArg) +203
   System.Reflection.CustomAttribute.GetCustomAttributes(RuntimeModule decoratedModule, Int32 decoratedMetadataToken, Int32 pcaCount, RuntimeType attributeFilterType, Boolean mustBeInheritable, IList derivedAttributes, Boolean isDecoratedTargetSecurityTransparent) +1179
   System.Reflection.CustomAttribute.GetCustomAttributes(RuntimeAssembly assembly, RuntimeType caType) +146
   Owin.Loader.DefaultLoader.SearchForStartupAttribute(String friendlyName, IList`1 errors, Boolean&amp; conflict) +180
   Owin.Loader.DefaultLoader.LoadImplementation(String startupName, IList`1 errorDetails) +184
   Microsoft.Owin.Host.SystemWeb.OwinBuilder.GetAppStartup() +138
   Microsoft.Owin.Host.SystemWeb.OwinHttpModule.InitializeBlueprint() +38
   System.Threading.LazyInitializer.EnsureInitializedCore(T&amp; target, Boolean&amp; initialized, Object&amp; syncLock, Func`1 valueFactory) +241
   Microsoft.Owin.Host.SystemWeb.OwinHttpModule.Init(HttpApplication context) +129
   System.Web.HttpApplication.InitModulesCommon() +192
   System.Web.HttpApplication.InitInternal(HttpContext context, HttpApplicationState state, MethodInfo[] handlers) +1582
   System.Web.HttpApplicationFactory.GetNormalApplicationInstance(HttpContext context) +365
   System.Web.HttpApplicationFactory.GetApplicationInstance(HttpContext context) +200
   System.Web.HttpRuntime.ProcessRequestInternal(HttpWorkerRequest wr) +591
</pre></code>

                  </td>
               </tr>
            </table>

            <br>

            <hr width=100% size=1 color=silver>

            <b>Version Information:</b>&nbsp;Microsoft .NET Framework Version:4.0.30319; ASP.NET Version:4.0.30319.34009

            </font>

    </body>
</html>
<!-- 
[FileNotFoundException]: Could not load file or assembly &#39;DevExpress.CodeRush.Common, Version=10.1.0.0, Culture=neutral, PublicKeyToken=35c9f04b7764aa3d&#39; or one of its dependencies. The system cannot find the file specified.
   at System.ModuleHandle.ResolveType(RuntimeModule module, Int32 typeToken, IntPtr* typeInstArgs, Int32 typeInstCount, IntPtr* methodInstArgs, Int32 methodInstCount, ObjectHandleOnStack type)
   at System.ModuleHandle.ResolveTypeHandleInternal(RuntimeModule module, Int32 typeToken, RuntimeTypeHandle[] typeInstantiationContext, RuntimeTypeHandle[] methodInstantiationContext)
   at System.ModuleHandle.ResolveTypeHandle(Int32 typeToken, RuntimeTypeHandle[] typeInstantiationContext, RuntimeTypeHandle[] methodInstantiationContext)
   at System.Reflection.RuntimeModule.ResolveType(Int32 metadataToken, Type[] genericTypeArguments, Type[] genericMethodArguments)
   at System.Reflection.CustomAttribute.FilterCustomAttributeRecord(CustomAttributeRecord caRecord, MetadataImport scope, Assembly& lastAptcaOkAssembly, RuntimeModule decoratedModule, MetadataToken decoratedToken, RuntimeType attributeFilterType, Boolean mustBeInheritable, Object[] attributes, IList derivedAttributes, RuntimeType& attributeType, IRuntimeMethodInfo& ctor, Boolean& ctorHasParameters, Boolean& isVarArg)
   at System.Reflection.CustomAttribute.GetCustomAttributes(RuntimeModule decoratedModule, Int32 decoratedMetadataToken, Int32 pcaCount, RuntimeType attributeFilterType, Boolean mustBeInheritable, IList derivedAttributes, Boolean isDecoratedTargetSecurityTransparent)
   at System.Reflection.CustomAttribute.GetCustomAttributes(RuntimeAssembly assembly, RuntimeType caType)
   at Owin.Loader.DefaultLoader.SearchForStartupAttribute(String friendlyName, IList`1 errors, Boolean& conflict)
   at Owin.Loader.DefaultLoader.LoadImplementation(String startupName, IList`1 errorDetails)
   at Microsoft.Owin.Host.SystemWeb.OwinBuilder.GetAppStartup()
   at Microsoft.Owin.Host.SystemWeb.OwinHttpModule.InitializeBlueprint()
   at System.Threading.LazyInitializer.EnsureInitializedCore[T](T& target, Boolean& initialized, Object& syncLock, Func`1 valueFactory)
   at Microsoft.Owin.Host.SystemWeb.OwinHttpModule.Init(HttpApplication context)
   at System.Web.HttpApplication.InitModulesCommon()
   at System.Web.HttpApplication.InitInternal(HttpContext context, HttpApplicationState state, MethodInfo[] handlers)
   at System.Web.HttpApplicationFactory.GetNormalApplicationInstance(HttpContext context)
   at System.Web.HttpApplicationFactory.GetApplicationInstance(HttpContext context)
   at System.Web.HttpRuntime.ProcessRequestInternal(HttpWorkerRequest wr)
-->
  Expected: not null
  But was:  null
]]></message>
                      <stack-trace><![CDATA[at Orchard.Specs.Bindings.WebAppHosting.WhenIFillIn(Table table) in e:\expedit\projects\nkd\src\main\NKD.Orchard\src\Orchard.Specs\Bindings\WebAppHosting.cs:line 254
at Orchard.Specs.Bindings.OrchardSiteFactory.GivenIHaveInstalledOrchard(String virtualDirectory) in e:\expedit\projects\nkd\src\main\NKD.Orchard\src\Orchard.Specs\Bindings\OrchardSiteFactory.cs:line 38
at TechTalk.SpecFlow.Bindings.BindingInvoker.InvokeBinding(IBinding binding, IContextManager contextManager, Object[] arguments, ITestTracer testTracer, TimeSpan& duration)
at TechTalk.SpecFlow.Infrastructure.TestExecutionEngine.ExecuteStepMatch(BindingMatch match, Object[] arguments)
at TechTalk.SpecFlow.Infrastructure.TestExecutionEngine.ExecuteStep(StepInstance stepInstance)
at TechTalk.SpecFlow.Infrastructure.TestExecutionEngine.OnAfterLastStep()
]]></stack-trace>
                    </failure>
                  </test-case>
                  <test-case name="Orchard.Specs.AutoroutesFeature.ICanCreateAndPublishANewPageWithInternationalCharactersInItsRoute" description="I can create and publish a new Page with international characters in its route" executed="True" success="False" time="35.185" asserts="1">
                    <failure>
                      <message><![CDATA[  Unable to locate <input> name SiteName in page html:

<!DOCTYPE html>
<html>
    <head>
        <title>Could not load file or assembly 'DevExpress.CodeRush.Common, Version=10.1.0.0, Culture=neutral, PublicKeyToken=35c9f04b7764aa3d' or one of its dependencies. The system cannot find the file specified.</title>
        <meta name="viewport" content="width=device-width" />
        <style>
         body {font-family:"Verdana";font-weight:normal;font-size: .7em;color:black;} 
         p {font-family:"Verdana";font-weight:normal;color:black;margin-top: -5px}
         b {font-family:"Verdana";font-weight:bold;color:black;margin-top: -5px}
         H1 { font-family:"Verdana";font-weight:normal;font-size:18pt;color:red }
         H2 { font-family:"Verdana";font-weight:normal;font-size:14pt;color:maroon }
         pre {font-family:"Consolas","Lucida Console",Monospace;font-size:11pt;margin:0;padding:0.5em;line-height:14pt}
         .marker {font-weight: bold; color: black;text-decoration: none;}
         .version {color: gray;}
         .error {margin-bottom: 10px;}
         .expandable { text-decoration:underline; font-weight:bold; color:navy; cursor:hand; }
         @media screen and (max-width: 639px) {
          pre { width: 440px; overflow: auto; white-space: pre-wrap; word-wrap: break-word; }
         }
         @media screen and (max-width: 479px) {
          pre { width: 280px; }
         }
        </style>
    </head>

    <body bgcolor="white">

            <span><H1>Server Error in '/' Application.<hr width=100% size=1 color=silver></H1>

            <h2> <i>Could not load file or assembly 'DevExpress.CodeRush.Common, Version=10.1.0.0, Culture=neutral, PublicKeyToken=35c9f04b7764aa3d' or one of its dependencies. The system cannot find the file specified.</i> </h2></span>

            <font face="Arial, Helvetica, Geneva, SunSans-Regular, sans-serif ">

            <b> Description: </b>An unhandled exception occurred during the execution of the current web request. Please review the stack trace for more information about the error and where it originated in the code.

            <br><br>

            <b> Exception Details: </b>System.IO.FileNotFoundException: Could not load file or assembly 'DevExpress.CodeRush.Common, Version=10.1.0.0, Culture=neutral, PublicKeyToken=35c9f04b7764aa3d' or one of its dependencies. The system cannot find the file specified.<br><br>

            <b>Source Error:</b> <br><br>

            <table width=100% bgcolor="#ffffcc">
               <tr>
                  <td>
                      <code>

An unhandled exception was generated during the execution of the current web request. Information regarding the origin and location of the exception can be identified using the exception stack trace below.</code>

                  </td>
               </tr>
            </table>

            <br>

            <b>Assembly Load Trace:</b> The following information can be helpful to determine why the assembly 'DevExpress.CodeRush.Common, Version=10.1.0.0, Culture=neutral, PublicKeyToken=35c9f04b7764aa3d' could not be loaded.<br><br>

            <table width=100% bgcolor="#ffffcc">
               <tr>
                  <td>
                      <code><pre>

WRN: Assembly binding logging is turned OFF.
To enable assembly bind failure logging, set the registry value [HKLM\Software\Microsoft\Fusion!EnableLog] (DWORD) to 1.
Note: There is some performance penalty associated with assembly bind failure logging.
To turn this feature off, remove the registry value [HKLM\Software\Microsoft\Fusion!EnableLog].
</pre></code>

                  </td>
               </tr>
            </table>

            <br>

            <b>Stack Trace:</b> <br><br>

            <table width=100% bgcolor="#ffffcc">
               <tr>
                  <td>
                      <code><pre>

[FileNotFoundException: Could not load file or assembly &#39;DevExpress.CodeRush.Common, Version=10.1.0.0, Culture=neutral, PublicKeyToken=35c9f04b7764aa3d&#39; or one of its dependencies. The system cannot find the file specified.]
   System.ModuleHandle.ResolveType(RuntimeModule module, Int32 typeToken, IntPtr* typeInstArgs, Int32 typeInstCount, IntPtr* methodInstArgs, Int32 methodInstCount, ObjectHandleOnStack type) +0
   System.ModuleHandle.ResolveTypeHandleInternal(RuntimeModule module, Int32 typeToken, RuntimeTypeHandle[] typeInstantiationContext, RuntimeTypeHandle[] methodInstantiationContext) +371
   System.ModuleHandle.ResolveTypeHandle(Int32 typeToken, RuntimeTypeHandle[] typeInstantiationContext, RuntimeTypeHandle[] methodInstantiationContext) +19
   System.Reflection.RuntimeModule.ResolveType(Int32 metadataToken, Type[] genericTypeArguments, Type[] genericMethodArguments) +319
   System.Reflection.CustomAttribute.FilterCustomAttributeRecord(CustomAttributeRecord caRecord, MetadataImport scope, Assembly&amp; lastAptcaOkAssembly, RuntimeModule decoratedModule, MetadataToken decoratedToken, RuntimeType attributeFilterType, Boolean mustBeInheritable, Object[] attributes, IList derivedAttributes, RuntimeType&amp; attributeType, IRuntimeMethodInfo&amp; ctor, Boolean&amp; ctorHasParameters, Boolean&amp; isVarArg) +203
   System.Reflection.CustomAttribute.GetCustomAttributes(RuntimeModule decoratedModule, Int32 decoratedMetadataToken, Int32 pcaCount, RuntimeType attributeFilterType, Boolean mustBeInheritable, IList derivedAttributes, Boolean isDecoratedTargetSecurityTransparent) +1179
   System.Reflection.CustomAttribute.GetCustomAttributes(RuntimeAssembly assembly, RuntimeType caType) +146
   Owin.Loader.DefaultLoader.SearchForStartupAttribute(String friendlyName, IList`1 errors, Boolean&amp; conflict) +180
   Owin.Loader.DefaultLoader.LoadImplementation(String startupName, IList`1 errorDetails) +184
   Microsoft.Owin.Host.SystemWeb.OwinBuilder.GetAppStartup() +138
   Microsoft.Owin.Host.SystemWeb.OwinHttpModule.InitializeBlueprint() +38
   System.Threading.LazyInitializer.EnsureInitializedCore(T&amp; target, Boolean&amp; initialized, Object&amp; syncLock, Func`1 valueFactory) +241
   Microsoft.Owin.Host.SystemWeb.OwinHttpModule.Init(HttpApplication context) +129
   System.Web.HttpApplication.InitModulesCommon() +192
   System.Web.HttpApplication.InitInternal(HttpContext context, HttpApplicationState state, MethodInfo[] handlers) +1582
   System.Web.HttpApplicationFactory.GetNormalApplicationInstance(HttpContext context) +365
   System.Web.HttpApplicationFactory.GetApplicationInstance(HttpContext context) +200
   System.Web.HttpRuntime.ProcessRequestInternal(HttpWorkerRequest wr) +591
</pre></code>

                  </td>
               </tr>
            </table>

            <br>

            <hr width=100% size=1 color=silver>

            <b>Version Information:</b>&nbsp;Microsoft .NET Framework Version:4.0.30319; ASP.NET Version:4.0.30319.34009

            </font>

    </body>
</html>
<!-- 
[FileNotFoundException]: Could not load file or assembly &#39;DevExpress.CodeRush.Common, Version=10.1.0.0, Culture=neutral, PublicKeyToken=35c9f04b7764aa3d&#39; or one of its dependencies. The system cannot find the file specified.
   at System.ModuleHandle.ResolveType(RuntimeModule module, Int32 typeToken, IntPtr* typeInstArgs, Int32 typeInstCount, IntPtr* methodInstArgs, Int32 methodInstCount, ObjectHandleOnStack type)
   at System.ModuleHandle.ResolveTypeHandleInternal(RuntimeModule module, Int32 typeToken, RuntimeTypeHandle[] typeInstantiationContext, RuntimeTypeHandle[] methodInstantiationContext)
   at System.ModuleHandle.ResolveTypeHandle(Int32 typeToken, RuntimeTypeHandle[] typeInstantiationContext, RuntimeTypeHandle[] methodInstantiationContext)
   at System.Reflection.RuntimeModule.ResolveType(Int32 metadataToken, Type[] genericTypeArguments, Type[] genericMethodArguments)
   at System.Reflection.CustomAttribute.FilterCustomAttributeRecord(CustomAttributeRecord caRecord, MetadataImport scope, Assembly& lastAptcaOkAssembly, RuntimeModule decoratedModule, MetadataToken decoratedToken, RuntimeType attributeFilterType, Boolean mustBeInheritable, Object[] attributes, IList derivedAttributes, RuntimeType& attributeType, IRuntimeMethodInfo& ctor, Boolean& ctorHasParameters, Boolean& isVarArg)
   at System.Reflection.CustomAttribute.GetCustomAttributes(RuntimeModule decoratedModule, Int32 decoratedMetadataToken, Int32 pcaCount, RuntimeType attributeFilterType, Boolean mustBeInheritable, IList derivedAttributes, Boolean isDecoratedTargetSecurityTransparent)
   at System.Reflection.CustomAttribute.GetCustomAttributes(RuntimeAssembly assembly, RuntimeType caType)
   at Owin.Loader.DefaultLoader.SearchForStartupAttribute(String friendlyName, IList`1 errors, Boolean& conflict)
   at Owin.Loader.DefaultLoader.LoadImplementation(String startupName, IList`1 errorDetails)
   at Microsoft.Owin.Host.SystemWeb.OwinBuilder.GetAppStartup()
   at Microsoft.Owin.Host.SystemWeb.OwinHttpModule.InitializeBlueprint()
   at System.Threading.LazyInitializer.EnsureInitializedCore[T](T& target, Boolean& initialized, Object& syncLock, Func`1 valueFactory)
   at Microsoft.Owin.Host.SystemWeb.OwinHttpModule.Init(HttpApplication context)
   at System.Web.HttpApplication.InitModulesCommon()
   at System.Web.HttpApplication.InitInternal(HttpContext context, HttpApplicationState state, MethodInfo[] handlers)
   at System.Web.HttpApplicationFactory.GetNormalApplicationInstance(HttpContext context)
   at System.Web.HttpApplicationFactory.GetApplicationInstance(HttpContext context)
   at System.Web.HttpRuntime.ProcessRequestInternal(HttpWorkerRequest wr)
-->
  Expected: not null
  But was:  null
]]></message>
                      <stack-trace><![CDATA[at Orchard.Specs.Bindings.WebAppHosting.WhenIFillIn(Table table) in e:\expedit\projects\nkd\src\main\NKD.Orchard\src\Orchard.Specs\Bindings\WebAppHosting.cs:line 254
at Orchard.Specs.Bindings.OrchardSiteFactory.GivenIHaveInstalledOrchard(String virtualDirectory) in e:\expedit\projects\nkd\src\main\NKD.Orchard\src\Orchard.Specs\Bindings\OrchardSiteFactory.cs:line 38
at TechTalk.SpecFlow.Bindings.BindingInvoker.InvokeBinding(IBinding binding, IContextManager contextManager, Object[] arguments, ITestTracer testTracer, TimeSpan& duration)
at TechTalk.SpecFlow.Infrastructure.TestExecutionEngine.ExecuteStepMatch(BindingMatch match, Object[] arguments)
at TechTalk.SpecFlow.Infrastructure.TestExecutionEngine.ExecuteStep(StepInstance stepInstance)
at TechTalk.SpecFlow.Infrastructure.TestExecutionEngine.OnAfterLastStep()
]]></stack-trace>
                    </failure>
                  </test-case>
                </results>
              </test-suite>
              <test-suite name="BlogFeature" description="Blog" executed="True" success="False" time="350.382" asserts="0">
                <results>
                  <test-case name="Orchard.Specs.BlogFeature.EnablingRemoteBlogPublishingInsertsTheAppropriateMetaweblogapiMarkupIntoTheBlogSPage" description="Enabling remote blog publishing inserts the appropriate metaweblogapi markup into the blog's page" executed="True" success="False" time="36.058" asserts="1">
                    <failure>
                      <message><![CDATA[  Unable to locate <input> name SiteName in page html:

<!DOCTYPE html>
<html>
    <head>
        <title>Could not load file or assembly 'DevExpress.CodeRush.Common, Version=10.1.0.0, Culture=neutral, PublicKeyToken=35c9f04b7764aa3d' or one of its dependencies. The system cannot find the file specified.</title>
        <meta name="viewport" content="width=device-width" />
        <style>
         body {font-family:"Verdana";font-weight:normal;font-size: .7em;color:black;} 
         p {font-family:"Verdana";font-weight:normal;color:black;margin-top: -5px}
         b {font-family:"Verdana";font-weight:bold;color:black;margin-top: -5px}
         H1 { font-family:"Verdana";font-weight:normal;font-size:18pt;color:red }
         H2 { font-family:"Verdana";font-weight:normal;font-size:14pt;color:maroon }
         pre {font-family:"Consolas","Lucida Console",Monospace;font-size:11pt;margin:0;padding:0.5em;line-height:14pt}
         .marker {font-weight: bold; color: black;text-decoration: none;}
         .version {color: gray;}
         .error {margin-bottom: 10px;}
         .expandable { text-decoration:underline; font-weight:bold; color:navy; cursor:hand; }
         @media screen and (max-width: 639px) {
          pre { width: 440px; overflow: auto; white-space: pre-wrap; word-wrap: break-word; }
         }
         @media screen and (max-width: 479px) {
          pre { width: 280px; }
         }
        </style>
    </head>

    <body bgcolor="white">

            <span><H1>Server Error in '/' Application.<hr width=100% size=1 color=silver></H1>

            <h2> <i>Could not load file or assembly 'DevExpress.CodeRush.Common, Version=10.1.0.0, Culture=neutral, PublicKeyToken=35c9f04b7764aa3d' or one of its dependencies. The system cannot find the file specified.</i> </h2></span>

            <font face="Arial, Helvetica, Geneva, SunSans-Regular, sans-serif ">

            <b> Description: </b>An unhandled exception occurred during the execution of the current web request. Please review the stack trace for more information about the error and where it originated in the code.

            <br><br>

            <b> Exception Details: </b>System.IO.FileNotFoundException: Could not load file or assembly 'DevExpress.CodeRush.Common, Version=10.1.0.0, Culture=neutral, PublicKeyToken=35c9f04b7764aa3d' or one of its dependencies. The system cannot find the file specified.<br><br>

            <b>Source Error:</b> <br><br>

            <table width=100% bgcolor="#ffffcc">
               <tr>
                  <td>
                      <code>

An unhandled exception was generated during the execution of the current web request. Information regarding the origin and location of the exception can be identified using the exception stack trace below.</code>

                  </td>
               </tr>
            </table>

            <br>

            <b>Assembly Load Trace:</b> The following information can be helpful to determine why the assembly 'DevExpress.CodeRush.Common, Version=10.1.0.0, Culture=neutral, PublicKeyToken=35c9f04b7764aa3d' could not be loaded.<br><br>

            <table width=100% bgcolor="#ffffcc">
               <tr>
                  <td>
                      <code><pre>

WRN: Assembly binding logging is turned OFF.
To enable assembly bind failure logging, set the registry value [HKLM\Software\Microsoft\Fusion!EnableLog] (DWORD) to 1.
Note: There is some performance penalty associated with assembly bind failure logging.
To turn this feature off, remove the registry value [HKLM\Software\Microsoft\Fusion!EnableLog].
</pre></code>

                  </td>
               </tr>
            </table>

            <br>

            <b>Stack Trace:</b> <br><br>

            <table width=100% bgcolor="#ffffcc">
               <tr>
                  <td>
                      <code><pre>

[FileNotFoundException: Could not load file or assembly &#39;DevExpress.CodeRush.Common, Version=10.1.0.0, Culture=neutral, PublicKeyToken=35c9f04b7764aa3d&#39; or one of its dependencies. The system cannot find the file specified.]
   System.ModuleHandle.ResolveType(RuntimeModule module, Int32 typeToken, IntPtr* typeInstArgs, Int32 typeInstCount, IntPtr* methodInstArgs, Int32 methodInstCount, ObjectHandleOnStack type) +0
   System.ModuleHandle.ResolveTypeHandleInternal(RuntimeModule module, Int32 typeToken, RuntimeTypeHandle[] typeInstantiationContext, RuntimeTypeHandle[] methodInstantiationContext) +371
   System.ModuleHandle.ResolveTypeHandle(Int32 typeToken, RuntimeTypeHandle[] typeInstantiationContext, RuntimeTypeHandle[] methodInstantiationContext) +19
   System.Reflection.RuntimeModule.ResolveType(Int32 metadataToken, Type[] genericTypeArguments, Type[] genericMethodArguments) +319
   System.Reflection.CustomAttribute.FilterCustomAttributeRecord(CustomAttributeRecord caRecord, MetadataImport scope, Assembly&amp; lastAptcaOkAssembly, RuntimeModule decoratedModule, MetadataToken decoratedToken, RuntimeType attributeFilterType, Boolean mustBeInheritable, Object[] attributes, IList derivedAttributes, RuntimeType&amp; attributeType, IRuntimeMethodInfo&amp; ctor, Boolean&amp; ctorHasParameters, Boolean&amp; isVarArg) +203
   System.Reflection.CustomAttribute.GetCustomAttributes(RuntimeModule decoratedModule, Int32 decoratedMetadataToken, Int32 pcaCount, RuntimeType attributeFilterType, Boolean mustBeInheritable, IList derivedAttributes, Boolean isDecoratedTargetSecurityTransparent) +1179
   System.Reflection.CustomAttribute.GetCustomAttributes(RuntimeAssembly assembly, RuntimeType caType) +146
   Owin.Loader.DefaultLoader.SearchForStartupAttribute(String friendlyName, IList`1 errors, Boolean&amp; conflict) +180
   Owin.Loader.DefaultLoader.LoadImplementation(String startupName, IList`1 errorDetails) +184
   Microsoft.Owin.Host.SystemWeb.OwinBuilder.GetAppStartup() +138
   Microsoft.Owin.Host.SystemWeb.OwinHttpModule.InitializeBlueprint() +38
   System.Threading.LazyInitializer.EnsureInitializedCore(T&amp; target, Boolean&amp; initialized, Object&amp; syncLock, Func`1 valueFactory) +241
   Microsoft.Owin.Host.SystemWeb.OwinHttpModule.Init(HttpApplication context) +129
   System.Web.HttpApplication.InitModulesCommon() +192
   System.Web.HttpApplication.InitInternal(HttpContext context, HttpApplicationState state, MethodInfo[] handlers) +1582
   System.Web.HttpApplicationFactory.GetNormalApplicationInstance(HttpContext context) +365
   System.Web.HttpApplicationFactory.GetApplicationInstance(HttpContext context) +200
   System.Web.HttpRuntime.ProcessRequestInternal(HttpWorkerRequest wr) +591
</pre></code>

                  </td>
               </tr>
            </table>

            <br>

            <hr width=100% size=1 color=silver>

            <b>Version Information:</b>&nbsp;Microsoft .NET Framework Version:4.0.30319; ASP.NET Version:4.0.30319.34009

            </font>

    </body>
</html>
<!-- 
[FileNotFoundException]: Could not load file or assembly &#39;DevExpress.CodeRush.Common, Version=10.1.0.0, Culture=neutral, PublicKeyToken=35c9f04b7764aa3d&#39; or one of its dependencies. The system cannot find the file specified.
   at System.ModuleHandle.ResolveType(RuntimeModule module, Int32 typeToken, IntPtr* typeInstArgs, Int32 typeInstCount, IntPtr* methodInstArgs, Int32 methodInstCount, ObjectHandleOnStack type)
   at System.ModuleHandle.ResolveTypeHandleInternal(RuntimeModule module, Int32 typeToken, RuntimeTypeHandle[] typeInstantiationContext, RuntimeTypeHandle[] methodInstantiationContext)
   at System.ModuleHandle.ResolveTypeHandle(Int32 typeToken, RuntimeTypeHandle[] typeInstantiationContext, RuntimeTypeHandle[] methodInstantiationContext)
   at System.Reflection.RuntimeModule.ResolveType(Int32 metadataToken, Type[] genericTypeArguments, Type[] genericMethodArguments)
   at System.Reflection.CustomAttribute.FilterCustomAttributeRecord(CustomAttributeRecord caRecord, MetadataImport scope, Assembly& lastAptcaOkAssembly, RuntimeModule decoratedModule, MetadataToken decoratedToken, RuntimeType attributeFilterType, Boolean mustBeInheritable, Object[] attributes, IList derivedAttributes, RuntimeType& attributeType, IRuntimeMethodInfo& ctor, Boolean& ctorHasParameters, Boolean& isVarArg)
   at System.Reflection.CustomAttribute.GetCustomAttributes(RuntimeModule decoratedModule, Int32 decoratedMetadataToken, Int32 pcaCount, RuntimeType attributeFilterType, Boolean mustBeInheritable, IList derivedAttributes, Boolean isDecoratedTargetSecurityTransparent)
   at System.Reflection.CustomAttribute.GetCustomAttributes(RuntimeAssembly assembly, RuntimeType caType)
   at Owin.Loader.DefaultLoader.SearchForStartupAttribute(String friendlyName, IList`1 errors, Boolean& conflict)
   at Owin.Loader.DefaultLoader.LoadImplementation(String startupName, IList`1 errorDetails)
   at Microsoft.Owin.Host.SystemWeb.OwinBuilder.GetAppStartup()
   at Microsoft.Owin.Host.SystemWeb.OwinHttpModule.InitializeBlueprint()
   at System.Threading.LazyInitializer.EnsureInitializedCore[T](T& target, Boolean& initialized, Object& syncLock, Func`1 valueFactory)
   at Microsoft.Owin.Host.SystemWeb.OwinHttpModule.Init(HttpApplication context)
   at System.Web.HttpApplication.InitModulesCommon()
   at System.Web.HttpApplication.InitInternal(HttpContext context, HttpApplicationState state, MethodInfo[] handlers)
   at System.Web.HttpApplicationFactory.GetNormalApplicationInstance(HttpContext context)
   at System.Web.HttpApplicationFactory.GetApplicationInstance(HttpContext context)
   at System.Web.HttpRuntime.ProcessRequestInternal(HttpWorkerRequest wr)
-->
  Expected: not null
  But was:  null
]]></message>
                      <stack-trace><![CDATA[at Orchard.Specs.Bindings.WebAppHosting.WhenIFillIn(Table table) in e:\expedit\projects\nkd\src\main\NKD.Orchard\src\Orchard.Specs\Bindings\WebAppHosting.cs:line 254
at Orchard.Specs.Bindings.OrchardSiteFactory.GivenIHaveInstalledOrchard(String virtualDirectory) in e:\expedit\projects\nkd\src\main\NKD.Orchard\src\Orchard.Specs\Bindings\OrchardSiteFactory.cs:line 38
at TechTalk.SpecFlow.Bindings.BindingInvoker.InvokeBinding(IBinding binding, IContextManager contextManager, Object[] arguments, ITestTracer testTracer, TimeSpan& duration)
at TechTalk.SpecFlow.Infrastructure.TestExecutionEngine.ExecuteStepMatch(BindingMatch match, Object[] arguments)
at TechTalk.SpecFlow.Infrastructure.TestExecutionEngine.ExecuteStep(StepInstance stepInstance)
at TechTalk.SpecFlow.Infrastructure.TestExecutionEngine.OnAfterLastStep()
]]></stack-trace>
                    </failure>
                  </test-case>
                  <test-case name="Orchard.Specs.BlogFeature.ICanCreateANewBlogAndBlogPost" description="I can create a new blog and blog post" executed="True" success="False" time="34.752" asserts="1">
                    <failure>
                      <message><![CDATA[  Unable to locate <input> name SiteName in page html:

<!DOCTYPE html>
<html>
    <head>
        <title>Could not load file or assembly 'DevExpress.CodeRush.Common, Version=10.1.0.0, Culture=neutral, PublicKeyToken=35c9f04b7764aa3d' or one of its dependencies. The system cannot find the file specified.</title>
        <meta name="viewport" content="width=device-width" />
        <style>
         body {font-family:"Verdana";font-weight:normal;font-size: .7em;color:black;} 
         p {font-family:"Verdana";font-weight:normal;color:black;margin-top: -5px}
         b {font-family:"Verdana";font-weight:bold;color:black;margin-top: -5px}
         H1 { font-family:"Verdana";font-weight:normal;font-size:18pt;color:red }
         H2 { font-family:"Verdana";font-weight:normal;font-size:14pt;color:maroon }
         pre {font-family:"Consolas","Lucida Console",Monospace;font-size:11pt;margin:0;padding:0.5em;line-height:14pt}
         .marker {font-weight: bold; color: black;text-decoration: none;}
         .version {color: gray;}
         .error {margin-bottom: 10px;}
         .expandable { text-decoration:underline; font-weight:bold; color:navy; cursor:hand; }
         @media screen and (max-width: 639px) {
          pre { width: 440px; overflow: auto; white-space: pre-wrap; word-wrap: break-word; }
         }
         @media screen and (max-width: 479px) {
          pre { width: 280px; }
         }
        </style>
    </head>

    <body bgcolor="white">

            <span><H1>Server Error in '/' Application.<hr width=100% size=1 color=silver></H1>

            <h2> <i>Could not load file or assembly 'DevExpress.CodeRush.Common, Version=10.1.0.0, Culture=neutral, PublicKeyToken=35c9f04b7764aa3d' or one of its dependencies. The system cannot find the file specified.</i> </h2></span>

            <font face="Arial, Helvetica, Geneva, SunSans-Regular, sans-serif ">

            <b> Description: </b>An unhandled exception occurred during the execution of the current web request. Please review the stack trace for more information about the error and where it originated in the code.

            <br><br>

            <b> Exception Details: </b>System.IO.FileNotFoundException: Could not load file or assembly 'DevExpress.CodeRush.Common, Version=10.1.0.0, Culture=neutral, PublicKeyToken=35c9f04b7764aa3d' or one of its dependencies. The system cannot find the file specified.<br><br>

            <b>Source Error:</b> <br><br>

            <table width=100% bgcolor="#ffffcc">
               <tr>
                  <td>
                      <code>

An unhandled exception was generated during the execution of the current web request. Information regarding the origin and location of the exception can be identified using the exception stack trace below.</code>

                  </td>
               </tr>
            </table>

            <br>

            <b>Assembly Load Trace:</b> The following information can be helpful to determine why the assembly 'DevExpress.CodeRush.Common, Version=10.1.0.0, Culture=neutral, PublicKeyToken=35c9f04b7764aa3d' could not be loaded.<br><br>

            <table width=100% bgcolor="#ffffcc">
               <tr>
                  <td>
                      <code><pre>

WRN: Assembly binding logging is turned OFF.
To enable assembly bind failure logging, set the registry value [HKLM\Software\Microsoft\Fusion!EnableLog] (DWORD) to 1.
Note: There is some performance penalty associated with assembly bind failure logging.
To turn this feature off, remove the registry value [HKLM\Software\Microsoft\Fusion!EnableLog].
</pre></code>

                  </td>
               </tr>
            </table>

            <br>

            <b>Stack Trace:</b> <br><br>

            <table width=100% bgcolor="#ffffcc">
               <tr>
                  <td>
                      <code><pre>

[FileNotFoundException: Could not load file or assembly &#39;DevExpress.CodeRush.Common, Version=10.1.0.0, Culture=neutral, PublicKeyToken=35c9f04b7764aa3d&#39; or one of its dependencies. The system cannot find the file specified.]
   System.ModuleHandle.ResolveType(RuntimeModule module, Int32 typeToken, IntPtr* typeInstArgs, Int32 typeInstCount, IntPtr* methodInstArgs, Int32 methodInstCount, ObjectHandleOnStack type) +0
   System.ModuleHandle.ResolveTypeHandleInternal(RuntimeModule module, Int32 typeToken, RuntimeTypeHandle[] typeInstantiationContext, RuntimeTypeHandle[] methodInstantiationContext) +371
   System.ModuleHandle.ResolveTypeHandle(Int32 typeToken, RuntimeTypeHandle[] typeInstantiationContext, RuntimeTypeHandle[] methodInstantiationContext) +19
   System.Reflection.RuntimeModule.ResolveType(Int32 metadataToken, Type[] genericTypeArguments, Type[] genericMethodArguments) +319
   System.Reflection.CustomAttribute.FilterCustomAttributeRecord(CustomAttributeRecord caRecord, MetadataImport scope, Assembly&amp; lastAptcaOkAssembly, RuntimeModule decoratedModule, MetadataToken decoratedToken, RuntimeType attributeFilterType, Boolean mustBeInheritable, Object[] attributes, IList derivedAttributes, RuntimeType&amp; attributeType, IRuntimeMethodInfo&amp; ctor, Boolean&amp; ctorHasParameters, Boolean&amp; isVarArg) +203
   System.Reflection.CustomAttribute.GetCustomAttributes(RuntimeModule decoratedModule, Int32 decoratedMetadataToken, Int32 pcaCount, RuntimeType attributeFilterType, Boolean mustBeInheritable, IList derivedAttributes, Boolean isDecoratedTargetSecurityTransparent) +1179
   System.Reflection.CustomAttribute.GetCustomAttributes(RuntimeAssembly assembly, RuntimeType caType) +146
   Owin.Loader.DefaultLoader.SearchForStartupAttribute(String friendlyName, IList`1 errors, Boolean&amp; conflict) +180
   Owin.Loader.DefaultLoader.LoadImplementation(String startupName, IList`1 errorDetails) +184
   Microsoft.Owin.Host.SystemWeb.OwinBuilder.GetAppStartup() +138
   Microsoft.Owin.Host.SystemWeb.OwinHttpModule.InitializeBlueprint() +38
   System.Threading.LazyInitializer.EnsureInitializedCore(T&amp; target, Boolean&amp; initialized, Object&amp; syncLock, Func`1 valueFactory) +241
   Microsoft.Owin.Host.SystemWeb.OwinHttpModule.Init(HttpApplication context) +129
   System.Web.HttpApplication.InitModulesCommon() +192
   System.Web.HttpApplication.InitInternal(HttpContext context, HttpApplicationState state, MethodInfo[] handlers) +1582
   System.Web.HttpApplicationFactory.GetNormalApplicationInstance(HttpContext context) +365
   System.Web.HttpApplicationFactory.GetApplicationInstance(HttpContext context) +200
   System.Web.HttpRuntime.ProcessRequestInternal(HttpWorkerRequest wr) +591
</pre></code>

                  </td>
               </tr>
            </table>

            <br>

            <hr width=100% size=1 color=silver>

            <b>Version Information:</b>&nbsp;Microsoft .NET Framework Version:4.0.30319; ASP.NET Version:4.0.30319.34009

            </font>

    </body>
</html>
<!-- 
[FileNotFoundException]: Could not load file or assembly &#39;DevExpress.CodeRush.Common, Version=10.1.0.0, Culture=neutral, PublicKeyToken=35c9f04b7764aa3d&#39; or one of its dependencies. The system cannot find the file specified.
   at System.ModuleHandle.ResolveType(RuntimeModule module, Int32 typeToken, IntPtr* typeInstArgs, Int32 typeInstCount, IntPtr* methodInstArgs, Int32 methodInstCount, ObjectHandleOnStack type)
   at System.ModuleHandle.ResolveTypeHandleInternal(RuntimeModule module, Int32 typeToken, RuntimeTypeHandle[] typeInstantiationContext, RuntimeTypeHandle[] methodInstantiationContext)
   at System.ModuleHandle.ResolveTypeHandle(Int32 typeToken, RuntimeTypeHandle[] typeInstantiationContext, RuntimeTypeHandle[] methodInstantiationContext)
   at System.Reflection.RuntimeModule.ResolveType(Int32 metadataToken, Type[] genericTypeArguments, Type[] genericMethodArguments)
   at System.Reflection.CustomAttribute.FilterCustomAttributeRecord(CustomAttributeRecord caRecord, MetadataImport scope, Assembly& lastAptcaOkAssembly, RuntimeModule decoratedModule, MetadataToken decoratedToken, RuntimeType attributeFilterType, Boolean mustBeInheritable, Object[] attributes, IList derivedAttributes, RuntimeType& attributeType, IRuntimeMethodInfo& ctor, Boolean& ctorHasParameters, Boolean& isVarArg)
   at System.Reflection.CustomAttribute.GetCustomAttributes(RuntimeModule decoratedModule, Int32 decoratedMetadataToken, Int32 pcaCount, RuntimeType attributeFilterType, Boolean mustBeInheritable, IList derivedAttributes, Boolean isDecoratedTargetSecurityTransparent)
   at System.Reflection.CustomAttribute.GetCustomAttributes(RuntimeAssembly assembly, RuntimeType caType)
   at Owin.Loader.DefaultLoader.SearchForStartupAttribute(String friendlyName, IList`1 errors, Boolean& conflict)
   at Owin.Loader.DefaultLoader.LoadImplementation(String startupName, IList`1 errorDetails)
   at Microsoft.Owin.Host.SystemWeb.OwinBuilder.GetAppStartup()
   at Microsoft.Owin.Host.SystemWeb.OwinHttpModule.InitializeBlueprint()
   at System.Threading.LazyInitializer.EnsureInitializedCore[T](T& target, Boolean& initialized, Object& syncLock, Func`1 valueFactory)
   at Microsoft.Owin.Host.SystemWeb.OwinHttpModule.Init(HttpApplication context)
   at System.Web.HttpApplication.InitModulesCommon()
   at System.Web.HttpApplication.InitInternal(HttpContext context, HttpApplicationState state, MethodInfo[] handlers)
   at System.Web.HttpApplicationFactory.GetNormalApplicationInstance(HttpContext context)
   at System.Web.HttpApplicationFactory.GetApplicationInstance(HttpContext context)
   at System.Web.HttpRuntime.ProcessRequestInternal(HttpWorkerRequest wr)
-->
  Expected: not null
  But was:  null
]]></message>
                      <stack-trace><![CDATA[at Orchard.Specs.Bindings.WebAppHosting.WhenIFillIn(Table table) in e:\expedit\projects\nkd\src\main\NKD.Orchard\src\Orchard.Specs\Bindings\WebAppHosting.cs:line 254
at Orchard.Specs.Bindings.OrchardSiteFactory.GivenIHaveInstalledOrchard(String virtualDirectory) in e:\expedit\projects\nkd\src\main\NKD.Orchard\src\Orchard.Specs\Bindings\OrchardSiteFactory.cs:line 38
at TechTalk.SpecFlow.Bindings.BindingInvoker.InvokeBinding(IBinding binding, IContextManager contextManager, Object[] arguments, ITestTracer testTracer, TimeSpan& duration)
at TechTalk.SpecFlow.Infrastructure.TestExecutionEngine.ExecuteStepMatch(BindingMatch match, Object[] arguments)
at TechTalk.SpecFlow.Infrastructure.TestExecutionEngine.ExecuteStep(StepInstance stepInstance)
at TechTalk.SpecFlow.Infrastructure.TestExecutionEngine.OnAfterLastStep()
]]></stack-trace>
                    </failure>
                  </test-case>
                  <test-case name="Orchard.Specs.BlogFeature.ICanCreateANewBlogWithAPercentSignInTheTitleAndItGetsStrippedOutOfTheSlug" description="I can create a new blog with a percent sign in the title and it gets stripped out of the slug" executed="True" success="False" time="35.999" asserts="1">
                    <failure>
                      <message><![CDATA[  Unable to locate <input> name SiteName in page html:

<!DOCTYPE html>
<html>
    <head>
        <title>Could not load file or assembly 'DevExpress.CodeRush.Common, Version=10.1.0.0, Culture=neutral, PublicKeyToken=35c9f04b7764aa3d' or one of its dependencies. The system cannot find the file specified.</title>
        <meta name="viewport" content="width=device-width" />
        <style>
         body {font-family:"Verdana";font-weight:normal;font-size: .7em;color:black;} 
         p {font-family:"Verdana";font-weight:normal;color:black;margin-top: -5px}
         b {font-family:"Verdana";font-weight:bold;color:black;margin-top: -5px}
         H1 { font-family:"Verdana";font-weight:normal;font-size:18pt;color:red }
         H2 { font-family:"Verdana";font-weight:normal;font-size:14pt;color:maroon }
         pre {font-family:"Consolas","Lucida Console",Monospace;font-size:11pt;margin:0;padding:0.5em;line-height:14pt}
         .marker {font-weight: bold; color: black;text-decoration: none;}
         .version {color: gray;}
         .error {margin-bottom: 10px;}
         .expandable { text-decoration:underline; font-weight:bold; color:navy; cursor:hand; }
         @media screen and (max-width: 639px) {
          pre { width: 440px; overflow: auto; white-space: pre-wrap; word-wrap: break-word; }
         }
         @media screen and (max-width: 479px) {
          pre { width: 280px; }
         }
        </style>
    </head>

    <body bgcolor="white">

            <span><H1>Server Error in '/' Application.<hr width=100% size=1 color=silver></H1>

            <h2> <i>Could not load file or assembly 'DevExpress.CodeRush.Common, Version=10.1.0.0, Culture=neutral, PublicKeyToken=35c9f04b7764aa3d' or one of its dependencies. The system cannot find the file specified.</i> </h2></span>

            <font face="Arial, Helvetica, Geneva, SunSans-Regular, sans-serif ">

            <b> Description: </b>An unhandled exception occurred during the execution of the current web request. Please review the stack trace for more information about the error and where it originated in the code.

            <br><br>

            <b> Exception Details: </b>System.IO.FileNotFoundException: Could not load file or assembly 'DevExpress.CodeRush.Common, Version=10.1.0.0, Culture=neutral, PublicKeyToken=35c9f04b7764aa3d' or one of its dependencies. The system cannot find the file specified.<br><br>

            <b>Source Error:</b> <br><br>

            <table width=100% bgcolor="#ffffcc">
               <tr>
                  <td>
                      <code>

An unhandled exception was generated during the execution of the current web request. Information regarding the origin and location of the exception can be identified using the exception stack trace below.</code>

                  </td>
               </tr>
            </table>

            <br>

            <b>Assembly Load Trace:</b> The following information can be helpful to determine why the assembly 'DevExpress.CodeRush.Common, Version=10.1.0.0, Culture=neutral, PublicKeyToken=35c9f04b7764aa3d' could not be loaded.<br><br>

            <table width=100% bgcolor="#ffffcc">
               <tr>
                  <td>
                      <code><pre>

WRN: Assembly binding logging is turned OFF.
To enable assembly bind failure logging, set the registry value [HKLM\Software\Microsoft\Fusion!EnableLog] (DWORD) to 1.
Note: There is some performance penalty associated with assembly bind failure logging.
To turn this feature off, remove the registry value [HKLM\Software\Microsoft\Fusion!EnableLog].
</pre></code>

                  </td>
               </tr>
            </table>

            <br>

            <b>Stack Trace:</b> <br><br>

            <table width=100% bgcolor="#ffffcc">
               <tr>
                  <td>
                      <code><pre>

[FileNotFoundException: Could not load file or assembly &#39;DevExpress.CodeRush.Common, Version=10.1.0.0, Culture=neutral, PublicKeyToken=35c9f04b7764aa3d&#39; or one of its dependencies. The system cannot find the file specified.]
   System.ModuleHandle.ResolveType(RuntimeModule module, Int32 typeToken, IntPtr* typeInstArgs, Int32 typeInstCount, IntPtr* methodInstArgs, Int32 methodInstCount, ObjectHandleOnStack type) +0
   System.ModuleHandle.ResolveTypeHandleInternal(RuntimeModule module, Int32 typeToken, RuntimeTypeHandle[] typeInstantiationContext, RuntimeTypeHandle[] methodInstantiationContext) +371
   System.ModuleHandle.ResolveTypeHandle(Int32 typeToken, RuntimeTypeHandle[] typeInstantiationContext, RuntimeTypeHandle[] methodInstantiationContext) +19
   System.Reflection.RuntimeModule.ResolveType(Int32 metadataToken, Type[] genericTypeArguments, Type[] genericMethodArguments) +319
   System.Reflection.CustomAttribute.FilterCustomAttributeRecord(CustomAttributeRecord caRecord, MetadataImport scope, Assembly&amp; lastAptcaOkAssembly, RuntimeModule decoratedModule, MetadataToken decoratedToken, RuntimeType attributeFilterType, Boolean mustBeInheritable, Object[] attributes, IList derivedAttributes, RuntimeType&amp; attributeType, IRuntimeMethodInfo&amp; ctor, Boolean&amp; ctorHasParameters, Boolean&amp; isVarArg) +203
   System.Reflection.CustomAttribute.GetCustomAttributes(RuntimeModule decoratedModule, Int32 decoratedMetadataToken, Int32 pcaCount, RuntimeType attributeFilterType, Boolean mustBeInheritable, IList derivedAttributes, Boolean isDecoratedTargetSecurityTransparent) +1179
   System.Reflection.CustomAttribute.GetCustomAttributes(RuntimeAssembly assembly, RuntimeType caType) +146
   Owin.Loader.DefaultLoader.SearchForStartupAttribute(String friendlyName, IList`1 errors, Boolean&amp; conflict) +180
   Owin.Loader.DefaultLoader.LoadImplementation(String startupName, IList`1 errorDetails) +184
   Microsoft.Owin.Host.SystemWeb.OwinBuilder.GetAppStartup() +138
   Microsoft.Owin.Host.SystemWeb.OwinHttpModule.InitializeBlueprint() +38
   System.Threading.LazyInitializer.EnsureInitializedCore(T&amp; target, Boolean&amp; initialized, Object&amp; syncLock, Func`1 valueFactory) +241
   Microsoft.Owin.Host.SystemWeb.OwinHttpModule.Init(HttpApplication context) +129
   System.Web.HttpApplication.InitModulesCommon() +192
   System.Web.HttpApplication.InitInternal(HttpContext context, HttpApplicationState state, MethodInfo[] handlers) +1582
   System.Web.HttpApplicationFactory.GetNormalApplicationInstance(HttpContext context) +365
   System.Web.HttpApplicationFactory.GetApplicationInstance(HttpContext context) +200
   System.Web.HttpRuntime.ProcessRequestInternal(HttpWorkerRequest wr) +591
</pre></code>

                  </td>
               </tr>
            </table>

            <br>

            <hr width=100% size=1 color=silver>

            <b>Version Information:</b>&nbsp;Microsoft .NET Framework Version:4.0.30319; ASP.NET Version:4.0.30319.34009

            </font>

    </body>
</html>
<!-- 
[FileNotFoundException]: Could not load file or assembly &#39;DevExpress.CodeRush.Common, Version=10.1.0.0, Culture=neutral, PublicKeyToken=35c9f04b7764aa3d&#39; or one of its dependencies. The system cannot find the file specified.
   at System.ModuleHandle.ResolveType(RuntimeModule module, Int32 typeToken, IntPtr* typeInstArgs, Int32 typeInstCount, IntPtr* methodInstArgs, Int32 methodInstCount, ObjectHandleOnStack type)
   at System.ModuleHandle.ResolveTypeHandleInternal(RuntimeModule module, Int32 typeToken, RuntimeTypeHandle[] typeInstantiationContext, RuntimeTypeHandle[] methodInstantiationContext)
   at System.ModuleHandle.ResolveTypeHandle(Int32 typeToken, RuntimeTypeHandle[] typeInstantiationContext, RuntimeTypeHandle[] methodInstantiationContext)
   at System.Reflection.RuntimeModule.ResolveType(Int32 metadataToken, Type[] genericTypeArguments, Type[] genericMethodArguments)
   at System.Reflection.CustomAttribute.FilterCustomAttributeRecord(CustomAttributeRecord caRecord, MetadataImport scope, Assembly& lastAptcaOkAssembly, RuntimeModule decoratedModule, MetadataToken decoratedToken, RuntimeType attributeFilterType, Boolean mustBeInheritable, Object[] attributes, IList derivedAttributes, RuntimeType& attributeType, IRuntimeMethodInfo& ctor, Boolean& ctorHasParameters, Boolean& isVarArg)
   at System.Reflection.CustomAttribute.GetCustomAttributes(RuntimeModule decoratedModule, Int32 decoratedMetadataToken, Int32 pcaCount, RuntimeType attributeFilterType, Boolean mustBeInheritable, IList derivedAttributes, Boolean isDecoratedTargetSecurityTransparent)
   at System.Reflection.CustomAttribute.GetCustomAttributes(RuntimeAssembly assembly, RuntimeType caType)
   at Owin.Loader.DefaultLoader.SearchForStartupAttribute(String friendlyName, IList`1 errors, Boolean& conflict)
   at Owin.Loader.DefaultLoader.LoadImplementation(String startupName, IList`1 errorDetails)
   at Microsoft.Owin.Host.SystemWeb.OwinBuilder.GetAppStartup()
   at Microsoft.Owin.Host.SystemWeb.OwinHttpModule.InitializeBlueprint()
   at System.Threading.LazyInitializer.EnsureInitializedCore[T](T& target, Boolean& initialized, Object& syncLock, Func`1 valueFactory)
   at Microsoft.Owin.Host.SystemWeb.OwinHttpModule.Init(HttpApplication context)
   at System.Web.HttpApplication.InitModulesCommon()
   at System.Web.HttpApplication.InitInternal(HttpContext context, HttpApplicationState state, MethodInfo[] handlers)
   at System.Web.HttpApplicationFactory.GetNormalApplicationInstance(HttpContext context)
   at System.Web.HttpApplicationFactory.GetApplicationInstance(HttpContext context)
   at System.Web.HttpRuntime.ProcessRequestInternal(HttpWorkerRequest wr)
-->
  Expected: not null
  But was:  null
]]></message>
                      <stack-trace><![CDATA[at Orchard.Specs.Bindings.WebAppHosting.WhenIFillIn(Table table) in e:\expedit\projects\nkd\src\main\NKD.Orchard\src\Orchard.Specs\Bindings\WebAppHosting.cs:line 254
at Orchard.Specs.Bindings.OrchardSiteFactory.GivenIHaveInstalledOrchard(String virtualDirectory) in e:\expedit\projects\nkd\src\main\NKD.Orchard\src\Orchard.Specs\Bindings\OrchardSiteFactory.cs:line 38
at TechTalk.SpecFlow.Bindings.BindingInvoker.InvokeBinding(IBinding binding, IContextManager contextManager, Object[] arguments, ITestTracer testTracer, TimeSpan& duration)
at TechTalk.SpecFlow.Infrastructure.TestExecutionEngine.ExecuteStepMatch(BindingMatch match, Object[] arguments)
at TechTalk.SpecFlow.Infrastructure.TestExecutionEngine.ExecuteStep(StepInstance stepInstance)
at TechTalk.SpecFlow.Infrastructure.TestExecutionEngine.OnAfterLastStep()
]]></stack-trace>
                    </failure>
                  </test-case>
                  <test-case name="Orchard.Specs.BlogFeature.ICanCreateANewBlogWithMultipleBlogPostsEachWithTheSameTitleAndUniqueSlugsAreGeneratedOrGivenForSaidPosts" description="I can create a new blog with multiple blog posts each with the same title and unique slugs are generated or given for said posts" executed="True" success="False" time="35.012" asserts="1">
                    <failure>
                      <message><![CDATA[  Unable to locate <input> name SiteName in page html:

<!DOCTYPE html>
<html>
    <head>
        <title>Could not load file or assembly 'DevExpress.CodeRush.Common, Version=10.1.0.0, Culture=neutral, PublicKeyToken=35c9f04b7764aa3d' or one of its dependencies. The system cannot find the file specified.</title>
        <meta name="viewport" content="width=device-width" />
        <style>
         body {font-family:"Verdana";font-weight:normal;font-size: .7em;color:black;} 
         p {font-family:"Verdana";font-weight:normal;color:black;margin-top: -5px}
         b {font-family:"Verdana";font-weight:bold;color:black;margin-top: -5px}
         H1 { font-family:"Verdana";font-weight:normal;font-size:18pt;color:red }
         H2 { font-family:"Verdana";font-weight:normal;font-size:14pt;color:maroon }
         pre {font-family:"Consolas","Lucida Console",Monospace;font-size:11pt;margin:0;padding:0.5em;line-height:14pt}
         .marker {font-weight: bold; color: black;text-decoration: none;}
         .version {color: gray;}
         .error {margin-bottom: 10px;}
         .expandable { text-decoration:underline; font-weight:bold; color:navy; cursor:hand; }
         @media screen and (max-width: 639px) {
[...]

            <font face="Arial, Helvetica, Geneva, SunSans-Regular, sans-serif ">

            <b> Description: </b>An unhandled exception occurred during the execution of the current web request. Please review the stack trace for more information about the error and where it originated in the code.

            <br><br>

            <b> Exception Details: </b>System.IO.FileNotFoundException: Could not load file or assembly 'DevExpress.CodeRush.Common, Version=10.1.0.0, Culture=neutral, PublicKeyToken=35c9f04b7764aa3d' or one of its dependencies. The system cannot find the file specified.<br><br>

            <b>Source Error:</b> <br><br>

            <table width=100% bgcolor="#ffffcc">
               <tr>
                  <td>
                      <code>

An unhandled exception was generated during the execution of the current web request. Information regarding the origin and location of the exception can be identified using the exception stack trace below.</code>

                  </td>
               </tr>
            </table>

            <br>

            <b>Assembly Load Trace:</b> The following information can be helpful to determine why the assembly 'DevExpress.CodeRush.Common, Version=10.1.0.0, Culture=neutral, PublicKeyToken=35c9f04b7764aa3d' could not be loaded.<br><br>

            <table width=100% bgcolor="#ffffcc">
               <tr>
                  <td>
                      <code><pre>

WRN: Assembly binding logging is turned OFF.
To enable assembly bind failure logging, set the registry value [HKLM\Software\Microsoft\Fusion!EnableLog] (DWORD) to 1.
Note: There is some performance penalty associated with assembly bind failure logging.
To turn this feature off, remove the registry value [HKLM\Software\Microsoft\Fusion!EnableLog].
</pre></code>

                  </td>
               </tr>
            </table>

            <br>

            <b>Stack Trace:</b> <br><br>

            <table width=100% bgcolor="#ffffcc">
               <tr>
                  <td>
                      <code><pre>

[FileNotFoundException: Could not load file or assembly &#39;DevExpress.CodeRush.Common, Version=10.1.0.0, Culture=neutral, PublicKeyToken=35c9f04b7764aa3d&#39; or one of its dependencies. The system cannot find the file specified.]
   System.ModuleHandle.ResolveType(RuntimeModule module, Int32 typeToken, IntPtr* typeInstArgs, Int32 typeInstCount, IntPtr* methodInstArgs, Int32 methodInstCount, ObjectHandleOnStack type) +0
   System.ModuleHandle.ResolveTypeHandleInternal(RuntimeModule module, Int32 typeToken, RuntimeTypeHandle[] typeInstantiationContext, RuntimeTypeHandle[] methodInstantiationContext) +371
   System.ModuleHandle.ResolveTypeHandle(Int32 typeToken, RuntimeTypeHandle[] typeInstantiationContext, RuntimeTypeHandle[] methodInstantiationContext) +19
   System.Reflection.RuntimeModule.ResolveType(Int32 metadataToken, Type[] genericTypeArguments, Type[] genericMethodArguments) +319
   System.Reflection.CustomAttribute.FilterCustomAttributeRecord(CustomAttributeRecord caRecord, MetadataImport scope, Assembly&amp; lastAptcaOkAssembly, RuntimeModule decoratedModule, MetadataToken decoratedToken, RuntimeType attributeFilterType, Boolean mustBeInheritable, Object[] attributes, IList derivedAttributes, RuntimeType&amp; attributeType, IRuntimeMethodInfo&amp; ctor, Boolean&amp; ctorHasParameters, Boolean&amp; isVarArg) +203
   System.Reflection.CustomAttribute.GetCustomAttributes(RuntimeModule decoratedModule, Int32 decoratedMetadataToken, Int32 pcaCount, RuntimeType attributeFilterType, Boolean mustBeInheritable, IList derivedAttributes, Boolean isDecoratedTargetSecurityTransparent) +1179
   System.Reflection.CustomAttribute.GetCustomAttributes(RuntimeAssembly assembly, RuntimeType caType) +146
   Owin.Loader.DefaultLoader.SearchForStartupAttribute(String friendlyName, IList`1 errors, Boolean&amp; conflict) +180
   Owin.Loader.DefaultLoader.LoadImplementation(String startupName, IList`1 errorDetails) +184
   Microsoft.Owin.Host.SystemWeb.OwinBuilder.GetAppStartup() +138
   Microsoft.Owin.Host.SystemWeb.OwinHttpModule.InitializeBlueprint() +38
   System.Threading.LazyInitializer.EnsureInitializedCore(T&amp; target, Boolean&amp; initialized, Object&amp; syncLock, Func`1 valueFactory) +241
   Microsoft.Owin.Host.SystemWeb.OwinHttpModule.Init(HttpApplication context) +129
   System.Web.HttpApplication.InitModulesCommon() +192
   System.Web.HttpApplication.InitInternal(HttpContext context, HttpApplicationState state, MethodInfo[] handlers) +1582
   System.Web.HttpApplicationFactory.GetNormalApplicationInstance(HttpContext context) +365
   System.Web.HttpApplicationFactory.GetApplicationInstance(HttpContext context) +200
   System.Web.HttpRuntime.ProcessRequestInternal(HttpWorkerRequest wr) +591
</pre></code>

                  </td>
               </tr>
            </table>

            <br>

            <hr width=100% size=1 color=silver>

            <b>Version Information:</b>&nbsp;Microsoft .NET Framework Version:4.0.30319; ASP.NET Version:4.0.30319.34009

            </font>

    </body>
</html>
<!-- 
[FileNotFoundException]: Could not load file or assembly &#39;DevExpress.CodeRush.Common, Version=10.1.0.0, Culture=neutral, PublicKeyToken=35c9f04b7764aa3d&#39; or one of its dependencies. The system cannot find the file specified.
   at System.ModuleHandle.ResolveType(RuntimeModule module, Int32 typeToken, IntPtr* typeInstArgs, Int32 typeInstCount, IntPtr* methodInstArgs, Int32 methodInstCount, ObjectHandleOnStack type)
   at System.ModuleHandle.ResolveTypeHandleInternal(RuntimeModule module, Int32 typeToken, RuntimeTypeHandle[] typeInstantiationContext, RuntimeTypeHandle[] methodInstantiationContext)
   at System.ModuleHandle.ResolveTypeHandle(Int32 typeToken, RuntimeTypeHandle[] typeInstantiationContext, RuntimeTypeHandle[] methodInstantiationContext)
   at System.Reflection.RuntimeModule.ResolveType(Int32 metadataToken, Type[] genericTypeArguments, Type[] genericMethodArguments)
   at System.Reflection.CustomAttribute.FilterCustomAttributeRecord(CustomAttributeRecord caRecord, MetadataImport scope, Assembly& lastAptcaOkAssembly, RuntimeModule decoratedModule, MetadataToken decoratedToken, RuntimeType attributeFilterType, Boolean mustBeInheritable, Object[] attributes, IList derivedAttributes, RuntimeType& attributeType, IRuntimeMethodInfo& ctor, Boolean& ctorHasParameters, Boolean& isVarArg)
   at System.Reflection.CustomAttribute.GetCustomAttributes(RuntimeModule decoratedModule, Int32 decoratedMetadataToken, Int32 pcaCount, RuntimeType attributeFilterType, Boolean mustBeInheritable, IList derivedAttributes, Boolean isDecoratedTargetSecurityTransparent)
   at System.Reflection.CustomAttribute.GetCustomAttributes(RuntimeAssembly assembly, RuntimeType caType)
   at Owin.Loader.DefaultLoader.SearchForStartupAttribute(String friendlyName, IList`1 errors, Boolean& conflict)
   at Owin.Loader.DefaultLoader.LoadImplementation(String startupName, IList`1 errorDetails)
   at Microsoft.Owin.Host.SystemWeb.OwinBuilder.GetAppStartup()
   at Microsoft.Owin.Host.SystemWeb.OwinHttpModule.InitializeBlueprint()
   at System.Threading.LazyInitializer.EnsureInitializedCore[T](T& target, Boolean& initialized, Object& syncLock, Func`1 valueFactory)
   at Microsoft.Owin.Host.SystemWeb.OwinHttpModule.Init(HttpApplication context)
   at System.Web.HttpApplication.InitModulesCommon()
   at System.Web.HttpApplication.InitInternal(HttpContext context, HttpApplicationState state, MethodInfo[] handlers)
   at System.Web.HttpApplicationFactory.GetNormalApplicationInstance(HttpContext context)
   at System.Web.HttpApplicationFactory.GetApplicationInstance(HttpContext context)
   at System.Web.HttpRuntime.ProcessRequestInternal(HttpWorkerRequest wr)
-->
  Expected: not null
  But was:  null
]]></message>
                      <stack-trace><![CDATA[at Orchard.Specs.Bindings.WebAppHosting.WhenIFillIn(Table table) in e:\expedit\projects\nkd\src\main\NKD.Orchard\src\Orchard.Specs\Bindings\WebAppHosting.cs:line 254
at Orchard.Specs.Bindings.OrchardSiteFactory.GivenIHaveInstalledOrchard(String virtualDirectory) in e:\expedit\projects\nkd\src\main\NKD.Orchard\src\Orchard.Specs\Bindings\OrchardSiteFactory.cs:line 38
at TechTalk.SpecFlow.Bindings.BindingInvoker.InvokeBinding(IBinding binding, IContextManager contextManager, Object[] arguments, ITestTracer testTracer, TimeSpan& duration)
at TechTalk.SpecFlow.Infrastructure.TestExecutionEngine.ExecuteStepMatch(BindingMatch match, Object[] arguments)
at TechTalk.SpecFlow.Infrastructure.TestExecutionEngine.ExecuteStep(StepInstance stepInstance)
at TechTalk.SpecFlow.Infrastructure.TestExecutionEngine.OnAfterLastStep()
]]></stack-trace>
                    </failure>
                  </test-case>
                  <test-case name="Orchard.Specs.WidgetsFeature.ICanEditADefaultLayer" description="I can edit a default layer" executed="True" success="False" time="28.929" asserts="1">
                    <failure>
                      <message><![CDATA[  Unable to locate <input> name SiteName in page html:

<!DOCTYPE html>
<html>
    <head>
        <title>Could not load file or assembly 'DevExpress.CodeRush.Common, Version=10.1.0.0, Culture=neutral, PublicKeyToken=35c9f04b7764aa3d' or one of its dependencies. The system cannot find the file specified.</title>
        <meta name="viewport" content="width=device-width" />
        <style>
         body {font-family:"Verdana";font-weight:normal;font-size: .7em;color:black;} 
         p {font-family:"Verdana";font-weight:normal;color:black;margin-top: -5px}
         b {font-family:"Verdana";font-weight:bold;color:black;margin-top: -5px}
         H1 { font-family:"Verdana";font-weight:normal;font-size:18pt;color:red }
         H2 { font-family:"Verdana";font-weight:normal;font-size:14pt;color:maroon }
         pre {font-family:"Consolas","Lucida Console",Monospace;font-size:11pt;margin:0;padding:0.5em;line-height:14pt}
         .marker {font-weight: bold; color: black;text-decoration: none;}
         .version {color: gray;}
         .error {margin-bottom: 10px;}
         .expandable { text-decoration:underline; font-weight:bold; color:navy; cursor:hand; }
         @media screen and (max-width: 639px) {
          pre { width: 440px; overflow: auto; white-space: pre-wrap; word-wrap: break-word; }
         }
         @media screen and (max-width: 479px) {
          pre { width: 280px; }
         }
        </style>
    </head>

    <body bgcolor="white">

            <span><H1>Server Error in '/' Application.<hr width=100% size=1 color=silver></H1>

            <h2> <i>Could not load file or assembly 'DevExpress.CodeRush.Common, Version=10.1.0.0, Culture=neutral, PublicKeyToken=35c9f04b7764aa3d' or one of its dependencies. The system cannot find the file specified.</i> </h2></span>

            <font face="Arial, Helvetica, Geneva, SunSans-Regular, sans-serif ">

            <b> Description: </b>An unhandled exception occurred during the execution of the current web request. Please review the stack trace for more information about the error and where it originated in the code.

            <br><br>

            <b> Exception Details: </b>System.IO.FileNotFoundException: Could not load file or assembly 'DevExpress.CodeRush.Common, Version=10.1.0.0, Culture=neutral, PublicKeyToken=35c9f04b7764aa3d' or one of its dependencies. The system cannot find the file specified.<br><br>

            <b>Source Error:</b> <br><br>

            <table width=100% bgcolor="#ffffcc">
               <tr>
                  <td>
                      <code>

An unhandled exception was generated during the execution of the current web request. Information regarding the origin and location of the exception can be identified using the exception stack trace below.</code>

                  </td>
               </tr>
            </table>

            <br>

            <b>Assembly Load Trace:</b> The following information can be helpful to determine why the assembly 'DevExpress.CodeRush.Common, Version=10.1.0.0, Culture=neutral, PublicKeyToken=35c9f04b7764aa3d' could not be loaded.<br><br>

            <table width=100% bgcolor="#ffffcc">
               <tr>
                  <td>
                      <code><pre>

WRN: Assembly binding logging is turned OFF.
To enable assembly bind failure logging, set the registry value [HKLM\Software\Microsoft\Fusion!EnableLog] (DWORD) to 1.
Note: There is some performance penalty associated with assembly bind failure logging.
To turn this feature off, remove the registry value [HKLM\Software\Microsoft\Fusion!EnableLog].
</pre></code>

                  </td>
               </tr>
            </table>

            <br>

            <b>Stack Trace:</b> <br><br>

            <table width=100% bgcolor="#ffffcc">
               <tr>
                  <td>
                      <code><pre>

[FileNotFoundException: Could not load file or assembly &#39;DevExpress.CodeRush.Common, Version=10.1.0.0, Culture=neutral, PublicKeyToken=35c9f04b7764aa3d&#39; or one of its dependencies. The system cannot find the file specified.]
   System.ModuleHandle.ResolveType(RuntimeModule module, Int32 typeToken, IntPtr* typeInstArgs, Int32 typeInstCount, IntPtr* methodInstArgs, Int32 methodInstCount, ObjectHandleOnStack type) +0
   System.ModuleHandle.ResolveTypeHandleInternal(RuntimeModule module, Int32 typeToken, RuntimeTypeHandle[] typeInstantiationContext, RuntimeTypeHandle[] methodInstantiationContext) +371
   System.ModuleHandle.ResolveTypeHandle(Int32 typeToken, RuntimeTypeHandle[] typeInstantiationContext, RuntimeTypeHandle[] methodInstantiationContext) +19
   System.Reflection.RuntimeModule.ResolveType(Int32 metadataToken, Type[] genericTypeArguments, Type[] genericMethodArguments) +319
   System.Reflection.CustomAttribute.FilterCustomAttributeRecord(CustomAttributeRecord caRecord, MetadataImport scope, Assembly&amp; lastAptcaOkAssembly, RuntimeModule decoratedModule, MetadataToken decoratedToken, RuntimeType attributeFilterType, Boolean mustBeInheritable, Object[] attributes, IList derivedAttributes, RuntimeType&amp; attributeType, IRuntimeMethodInfo&amp; ctor, Boolean&amp; ctorHasParameters, Boolean&amp; isVarArg) +203
   System.Reflection.CustomAttribute.GetCustomAttributes(RuntimeModule decoratedModule, Int32 decoratedMetadataToken, Int32 pcaCount, RuntimeType attributeFilterType, Boolean mustBeInheritable, IList derivedAttributes, Boolean isDecoratedTargetSecurityTransparent) +1179
   System.Reflection.CustomAttribute.GetCustomAttributes(RuntimeAssembly assembly, RuntimeType caType) +146
   Owin.Loader.DefaultLoader.SearchForStartupAttribute(String friendlyName, IList`1 errors, Boolean&amp; conflict) +180
   Owin.Loader.DefaultLoader.LoadImplementation(String startupName, IList`1 errorDetails) +184
   Microsoft.Owin.Host.SystemWeb.OwinBuilder.GetAppStartup() +138
   Microsoft.Owin.Host.SystemWeb.OwinHttpModule.InitializeBlueprint() +38
   System.Threading.LazyInitializer.EnsureInitializedCore(T&amp; target, Boolean&amp; initialized, Object&amp; syncLock, Func`1 valueFactory) +241
   Microsoft.Owin.Host.SystemWeb.OwinHttpModule.Init(HttpApplication context) +129
   System.Web.HttpApplication.InitModulesCommon() +192
   System.Web.HttpApplication.InitInternal(HttpContext context, HttpApplicationState state, MethodInfo[] handlers) +1582
   System.Web.HttpApplicationFactory.GetNormalApplicationInstance(HttpContext context) +365
   System.Web.HttpApplicationFactory.GetApplicationInstance(HttpContext context) +200
   System.Web.HttpRuntime.ProcessRequestInternal(HttpWorkerRequest wr) +591
</pre></code>

                  </td>
               </tr>
            </table>

            <br>

            <hr width=100% size=1 color=silver>

            <b>Version Information:</b>&nbsp;Microsoft .NET Framework Version:4.0.30319; ASP.NET Version:4.0.30319.34009

            </font>

    </body>
</html>
<!-- 
[FileNotFoundException]: Could not load file or assembly &#39;DevExpress.CodeRush.Common, Version=10.1.0.0, Culture=neutral, PublicKeyToken=35c9f04b7764aa3d&#39; or one of its dependencies. The system cannot find the file specified.
   at System.ModuleHandle.ResolveType(RuntimeModule module, Int32 typeToken, IntPtr* typeInstArgs, Int32 typeInstCount, IntPtr* methodInstArgs, Int32 methodInstCount, ObjectHandleOnStack type)
   at System.ModuleHandle.ResolveTypeHandleInternal(RuntimeModule module, Int32 typeToken, RuntimeTypeHandle[] typeInstantiationContext, RuntimeTypeHandle[] methodInstantiationContext)
   at System.ModuleHandle.ResolveTypeHandle(Int32 typeToken, RuntimeTypeHandle[] typeInstantiationContext, RuntimeTypeHandle[] methodInstantiationContext)
   at System.Reflection.RuntimeModule.ResolveType(Int32 metadataToken, Type[] genericTypeArguments, Type[] genericMethodArguments)
   at System.Reflection.CustomAttribute.FilterCustomAttributeRecord(CustomAttributeRecord caRecord, MetadataImport scope, Assembly& lastAptcaOkAssembly, RuntimeModule decoratedModule, MetadataToken decoratedToken, RuntimeType attributeFilterType, Boolean mustBeInheritable, Object[] attributes, IList derivedAttributes, RuntimeType& attributeType, IRuntimeMethodInfo& ctor, Boolean& ctorHasParameters, Boolean& isVarArg)
   at System.Reflection.CustomAttribute.GetCustomAttributes(RuntimeModule decoratedModule, Int32 decoratedMetadataToken, Int32 pcaCount, RuntimeType attributeFilterType, Boolean mustBeInheritable, IList derivedAttributes, Boolean isDecoratedTargetSecurityTransparent)
   at System.Reflection.CustomAttribute.GetCustomAttributes(RuntimeAssembly assembly, RuntimeType caType)
   at Owin.Loader.DefaultLoader.SearchForStartupAttribute(String friendlyName, IList`1 errors, Boolean& conflict)
   at Owin.Loader.DefaultLoader.LoadImplementation(String startupName, IList`1 errorDetails)
   at Microsoft.Owin.Host.SystemWeb.OwinBuilder.GetAppStartup()
   at Microsoft.Owin.Host.SystemWeb.OwinHttpModule.InitializeBlueprint()
   at System.Threading.LazyInitializer.EnsureInitializedCore[T](T& target, Boolean& initialized, Object& syncLock, Func`1 valueFactory)
   at Microsoft.Owin.Host.SystemWeb.OwinHttpModule.Init(HttpApplication context)
   at System.Web.HttpApplication.InitModulesCommon()
   at System.Web.HttpApplication.InitInternal(HttpContext context, HttpApplicationState state, MethodInfo[] handlers)
   at System.Web.HttpApplicationFactory.GetNormalApplicationInstance(HttpContext context)
   at System.Web.HttpApplicationFactory.GetApplicationInstance(HttpContext context)
   at System.Web.HttpRuntime.ProcessRequestInternal(HttpWorkerRequest wr)
-->
  Expected: not null
  But was:  null
]]></message>
                      <stack-trace><![CDATA[at Orchard.Specs.Bindings.WebAppHosting.WhenIFillIn(Table table) in e:\expedit\projects\nkd\src\main\NKD.Orchard\src\Orchard.Specs\Bindings\WebAppHosting.cs:line 254
at Orchard.Specs.Bindings.OrchardSiteFactory.GivenIHaveInstalledOrchard(String virtualDirectory) in e:\expedit\projects\nkd\src\main\NKD.Orchard\src\Orchard.Specs\Bindings\OrchardSiteFactory.cs:line 38
at TechTalk.SpecFlow.Bindings.BindingInvoker.InvokeBinding(IBinding binding, IContextManager contextManager, Object[] arguments, ITestTracer testTracer, TimeSpan& duration)
at TechTalk.SpecFlow.Infrastructure.TestExecutionEngine.ExecuteStepMatch(BindingMatch match, Object[] arguments)
at TechTalk.SpecFlow.Infrastructure.TestExecutionEngine.ExecuteStep(StepInstance stepInstance)
at TechTalk.SpecFlow.Infrastructure.TestExecutionEngine.OnAfterLastStep()
]]></stack-trace>
                    </failure>
                  </test-case>
                </results>
              </test-suite>
            </results>
          </test-suite>
        </results>
      </test-suite>
    </results>
  </test-suite>
</test-results>